<html>
<head><meta charset="utf-8"><title>wasmtime / Issue #1595 Cranelift-wasm: tests fail on a cl... · git-wasmtime · Zulip Chat Archive</title></head>
<h2>Stream: <a href="https://bytecodealliance.github.io/zulip-archive/stream/225357-git-wasmtime/index.html">git-wasmtime</a></h2>
<h3>Topic: <a href="https://bytecodealliance.github.io/zulip-archive/stream/225357-git-wasmtime/topic/wasmtime.20.2F.20Issue.20.231595.20Cranelift-wasm.3A.20tests.20fail.20on.20a.20cl.2E.2E.2E.html">wasmtime / Issue #1595 Cranelift-wasm: tests fail on a cl...</a></h3>

<hr>

<base href="https://bytecodealliance.zulipchat.com">

<head><link href="https://bytecodealliance.github.io/zulip-archive/style.css" rel="stylesheet"></head>

<a name="195253325"></a>
<h4><a href="https://bytecodealliance.zulipchat.com#narrow/stream/225357-git-wasmtime/topic/wasmtime%20/%20Issue%20%231595%20Cranelift-wasm%3A%20tests%20fail%20on%20a%20cl.../near/195253325" class="zl"><img src="https://bytecodealliance.github.io/zulip-archive/assets/img/zulip.svg" alt="view this post on Zulip" style="width:20px;height:20px;"></a> Wasmtime GitHub notifications bot <a href="https://bytecodealliance.github.io/zulip-archive/stream/225357-git-wasmtime/topic/wasmtime.20.2F.20Issue.20.231595.20Cranelift-wasm.3A.20tests.20fail.20on.20a.20cl.2E.2E.2E.html#195253325">(Apr 24 2020 at 22:47)</a>:</h4>
<p>cdisselkoen opened <a href="https://github.com/bytecodealliance/wasmtime/issues/1595" title="https://github.com/bytecodealliance/wasmtime/issues/1595">Issue #1595</a>:</p>
<blockquote>
<p>On a clean git checkout of wasmtime <code>master</code>, I'm getting test failures when running <code>cargo test</code> in the <code>cranelift/wasm</code> directory.  At a minimum, I'm getting failures in the tests <code>use_name_section</code>, <code>use_fallthrough_return</code>, and <code>testsuite</code>.  All three failures appear to be due to lacking support for riscv64, causing failures in the <code>unwrap</code>s on <a href="https://github.com/bytecodealliance/wasmtime/blob/6cd92f91328b538076f8d724ee2a205edf5b70fc/cranelift/wasm/tests/wasm_testsuite.rs#L60" title="https://github.com/bytecodealliance/wasmtime/blob/6cd92f91328b538076f8d724ee2a205edf5b70fc/cranelift/wasm/tests/wasm_testsuite.rs#L60">this line</a> or <a href="https://github.com/bytecodealliance/wasmtime/blob/6cd92f91328b538076f8d724ee2a205edf5b70fc/cranelift/wasm/tests/wasm_testsuite.rs#L94" title="https://github.com/bytecodealliance/wasmtime/blob/6cd92f91328b538076f8d724ee2a205edf5b70fc/cranelift/wasm/tests/wasm_testsuite.rs#L94">this line</a>.</p>
<p>Am I doing something wrong / missing a step?  Do some crate features need to be enabled in order for tests to pass?  I got the same results with plain <code>cargo test</code> and with <code>cargo test --all-features</code>.</p>
<p>&lt;details&gt;<br>
&lt;summary&gt;Detailed test output:&lt;/summary&gt;</p>
<div class="codehilite"><pre><span></span>&gt; cargo test --all-features
    Finished test [unoptimized + debuginfo] target(s) in 0.08s
     Running /usr/local/home/cdisselk/wasmtime/target/debug/deps/cranelift_wasm-42dfb56b7188030c

running 3 tests
test func_translator::tests::small2 ... ok
test func_translator::tests::small1 ... ok
test func_translator::tests::infloop ... ok

test result: ok. 3 passed; 0 failed; 0 ignored; 0 measured; 0 filtered out

     Running /usr/local/home/cdisselk/wasmtime/target/debug/deps/wasm_testsuite-7a98d34c19ece58b

running 3 tests
test use_name_section ... FAILED
test use_fallthrough_return ... FAILED
test testsuite ... FAILED

failures:

---- use_name_section stdout ----
thread &#39;use_name_section&#39; panicked at &#39;called `Result::unwrap()` on an `Err` value: SupportDisabled&#39;, cranelift/wasm/tests/wasm_testsuite.rs:60:15
note: run with `RUST_BACKTRACE=1` environment variable to display a backtrace

---- use_fallthrough_return stdout ----
thread &#39;use_fallthrough_return&#39; panicked at &#39;called `Result::unwrap()` on an `Err` value: SupportDisabled&#39;, cranelift/wasm/tests/wasm_testsuite.rs:94:15

---- testsuite stdout ----
=== ../wasmtests/arith.wat ===
thread &#39;testsuite&#39; panicked at &#39;called `Result::unwrap()` on an `Err` value: SupportDisabled&#39;, cranelift/wasm/tests/wasm_testsuite.rs:94:15


failures:
    testsuite
    use_fallthrough_return
    use_name_section

test result: FAILED. 0 passed; 3 failed; 0 ignored; 0 measured; 0 filtered out

error: test failed, to rerun pass &#39;--test wasm_testsuite&#39;
</pre></div>


<p>&lt;/details&gt;</p>
<p>Tested on both macOS and Linux, on x86_64.  Wasmtime commit <code>6cd92f913</code>.</p>
</blockquote>



<a name="195253327"></a>
<h4><a href="https://bytecodealliance.zulipchat.com#narrow/stream/225357-git-wasmtime/topic/wasmtime%20/%20Issue%20%231595%20Cranelift-wasm%3A%20tests%20fail%20on%20a%20cl.../near/195253327" class="zl"><img src="https://bytecodealliance.github.io/zulip-archive/assets/img/zulip.svg" alt="view this post on Zulip" style="width:20px;height:20px;"></a> Wasmtime GitHub notifications bot <a href="https://bytecodealliance.github.io/zulip-archive/stream/225357-git-wasmtime/topic/wasmtime.20.2F.20Issue.20.231595.20Cranelift-wasm.3A.20tests.20fail.20on.20a.20cl.2E.2E.2E.html#195253327">(Apr 24 2020 at 22:47)</a>:</h4>
<p>cdisselkoen labeled <a href="https://github.com/bytecodealliance/wasmtime/issues/1595" title="https://github.com/bytecodealliance/wasmtime/issues/1595">Issue #1595</a>:</p>
<blockquote>
<p>On a clean git checkout of wasmtime <code>master</code>, I'm getting test failures when running <code>cargo test</code> in the <code>cranelift/wasm</code> directory.  At a minimum, I'm getting failures in the tests <code>use_name_section</code>, <code>use_fallthrough_return</code>, and <code>testsuite</code>.  All three failures appear to be due to lacking support for riscv64, causing failures in the <code>unwrap</code>s on <a href="https://github.com/bytecodealliance/wasmtime/blob/6cd92f91328b538076f8d724ee2a205edf5b70fc/cranelift/wasm/tests/wasm_testsuite.rs#L60" title="https://github.com/bytecodealliance/wasmtime/blob/6cd92f91328b538076f8d724ee2a205edf5b70fc/cranelift/wasm/tests/wasm_testsuite.rs#L60">this line</a> or <a href="https://github.com/bytecodealliance/wasmtime/blob/6cd92f91328b538076f8d724ee2a205edf5b70fc/cranelift/wasm/tests/wasm_testsuite.rs#L94" title="https://github.com/bytecodealliance/wasmtime/blob/6cd92f91328b538076f8d724ee2a205edf5b70fc/cranelift/wasm/tests/wasm_testsuite.rs#L94">this line</a>.</p>
<p>Am I doing something wrong / missing a step?  Do some crate features need to be enabled in order for tests to pass?  I got the same results with plain <code>cargo test</code> and with <code>cargo test --all-features</code>.</p>
<p>&lt;details&gt;<br>
&lt;summary&gt;Detailed test output:&lt;/summary&gt;</p>
<div class="codehilite"><pre><span></span>&gt; cargo test --all-features
    Finished test [unoptimized + debuginfo] target(s) in 0.08s
     Running /usr/local/home/cdisselk/wasmtime/target/debug/deps/cranelift_wasm-42dfb56b7188030c

running 3 tests
test func_translator::tests::small2 ... ok
test func_translator::tests::small1 ... ok
test func_translator::tests::infloop ... ok

test result: ok. 3 passed; 0 failed; 0 ignored; 0 measured; 0 filtered out

     Running /usr/local/home/cdisselk/wasmtime/target/debug/deps/wasm_testsuite-7a98d34c19ece58b

running 3 tests
test use_name_section ... FAILED
test use_fallthrough_return ... FAILED
test testsuite ... FAILED

failures:

---- use_name_section stdout ----
thread &#39;use_name_section&#39; panicked at &#39;called `Result::unwrap()` on an `Err` value: SupportDisabled&#39;, cranelift/wasm/tests/wasm_testsuite.rs:60:15
note: run with `RUST_BACKTRACE=1` environment variable to display a backtrace

---- use_fallthrough_return stdout ----
thread &#39;use_fallthrough_return&#39; panicked at &#39;called `Result::unwrap()` on an `Err` value: SupportDisabled&#39;, cranelift/wasm/tests/wasm_testsuite.rs:94:15

---- testsuite stdout ----
=== ../wasmtests/arith.wat ===
thread &#39;testsuite&#39; panicked at &#39;called `Result::unwrap()` on an `Err` value: SupportDisabled&#39;, cranelift/wasm/tests/wasm_testsuite.rs:94:15


failures:
    testsuite
    use_fallthrough_return
    use_name_section

test result: FAILED. 0 passed; 3 failed; 0 ignored; 0 measured; 0 filtered out

error: test failed, to rerun pass &#39;--test wasm_testsuite&#39;
</pre></div>


<p>&lt;/details&gt;</p>
<p>Tested on both macOS and Linux, on x86_64.  Wasmtime commit <code>6cd92f913</code>.</p>
</blockquote>



<a name="195253328"></a>
<h4><a href="https://bytecodealliance.zulipchat.com#narrow/stream/225357-git-wasmtime/topic/wasmtime%20/%20Issue%20%231595%20Cranelift-wasm%3A%20tests%20fail%20on%20a%20cl.../near/195253328" class="zl"><img src="https://bytecodealliance.github.io/zulip-archive/assets/img/zulip.svg" alt="view this post on Zulip" style="width:20px;height:20px;"></a> Wasmtime GitHub notifications bot <a href="https://bytecodealliance.github.io/zulip-archive/stream/225357-git-wasmtime/topic/wasmtime.20.2F.20Issue.20.231595.20Cranelift-wasm.3A.20tests.20fail.20on.20a.20cl.2E.2E.2E.html#195253328">(Apr 24 2020 at 22:47)</a>:</h4>
<p>cdisselkoen labeled <a href="https://github.com/bytecodealliance/wasmtime/issues/1595" title="https://github.com/bytecodealliance/wasmtime/issues/1595">Issue #1595</a>:</p>
<blockquote>
<p>On a clean git checkout of wasmtime <code>master</code>, I'm getting test failures when running <code>cargo test</code> in the <code>cranelift/wasm</code> directory.  At a minimum, I'm getting failures in the tests <code>use_name_section</code>, <code>use_fallthrough_return</code>, and <code>testsuite</code>.  All three failures appear to be due to lacking support for riscv64, causing failures in the <code>unwrap</code>s on <a href="https://github.com/bytecodealliance/wasmtime/blob/6cd92f91328b538076f8d724ee2a205edf5b70fc/cranelift/wasm/tests/wasm_testsuite.rs#L60" title="https://github.com/bytecodealliance/wasmtime/blob/6cd92f91328b538076f8d724ee2a205edf5b70fc/cranelift/wasm/tests/wasm_testsuite.rs#L60">this line</a> or <a href="https://github.com/bytecodealliance/wasmtime/blob/6cd92f91328b538076f8d724ee2a205edf5b70fc/cranelift/wasm/tests/wasm_testsuite.rs#L94" title="https://github.com/bytecodealliance/wasmtime/blob/6cd92f91328b538076f8d724ee2a205edf5b70fc/cranelift/wasm/tests/wasm_testsuite.rs#L94">this line</a>.</p>
<p>Am I doing something wrong / missing a step?  Do some crate features need to be enabled in order for tests to pass?  I got the same results with plain <code>cargo test</code> and with <code>cargo test --all-features</code>.</p>
<p>&lt;details&gt;<br>
&lt;summary&gt;Detailed test output:&lt;/summary&gt;</p>
<div class="codehilite"><pre><span></span>&gt; cargo test --all-features
    Finished test [unoptimized + debuginfo] target(s) in 0.08s
     Running /usr/local/home/cdisselk/wasmtime/target/debug/deps/cranelift_wasm-42dfb56b7188030c

running 3 tests
test func_translator::tests::small2 ... ok
test func_translator::tests::small1 ... ok
test func_translator::tests::infloop ... ok

test result: ok. 3 passed; 0 failed; 0 ignored; 0 measured; 0 filtered out

     Running /usr/local/home/cdisselk/wasmtime/target/debug/deps/wasm_testsuite-7a98d34c19ece58b

running 3 tests
test use_name_section ... FAILED
test use_fallthrough_return ... FAILED
test testsuite ... FAILED

failures:

---- use_name_section stdout ----
thread &#39;use_name_section&#39; panicked at &#39;called `Result::unwrap()` on an `Err` value: SupportDisabled&#39;, cranelift/wasm/tests/wasm_testsuite.rs:60:15
note: run with `RUST_BACKTRACE=1` environment variable to display a backtrace

---- use_fallthrough_return stdout ----
thread &#39;use_fallthrough_return&#39; panicked at &#39;called `Result::unwrap()` on an `Err` value: SupportDisabled&#39;, cranelift/wasm/tests/wasm_testsuite.rs:94:15

---- testsuite stdout ----
=== ../wasmtests/arith.wat ===
thread &#39;testsuite&#39; panicked at &#39;called `Result::unwrap()` on an `Err` value: SupportDisabled&#39;, cranelift/wasm/tests/wasm_testsuite.rs:94:15


failures:
    testsuite
    use_fallthrough_return
    use_name_section

test result: FAILED. 0 passed; 3 failed; 0 ignored; 0 measured; 0 filtered out

error: test failed, to rerun pass &#39;--test wasm_testsuite&#39;
</pre></div>


<p>&lt;/details&gt;</p>
<p>Tested on both macOS and Linux, on x86_64.  Wasmtime commit <code>6cd92f913</code>.</p>
</blockquote>



<a name="195253463"></a>
<h4><a href="https://bytecodealliance.zulipchat.com#narrow/stream/225357-git-wasmtime/topic/wasmtime%20/%20Issue%20%231595%20Cranelift-wasm%3A%20tests%20fail%20on%20a%20cl.../near/195253463" class="zl"><img src="https://bytecodealliance.github.io/zulip-archive/assets/img/zulip.svg" alt="view this post on Zulip" style="width:20px;height:20px;"></a> Wasmtime GitHub notifications bot <a href="https://bytecodealliance.github.io/zulip-archive/stream/225357-git-wasmtime/topic/wasmtime.20.2F.20Issue.20.231595.20Cranelift-wasm.3A.20tests.20fail.20on.20a.20cl.2E.2E.2E.html#195253463">(Apr 24 2020 at 22:49)</a>:</h4>
<p>cdisselkoen edited <a href="https://github.com/bytecodealliance/wasmtime/issues/1595" title="https://github.com/bytecodealliance/wasmtime/issues/1595">Issue #1595</a>:</p>
<blockquote>
<p>On a clean git checkout of wasmtime <code>master</code>, I'm getting test failures when running <code>cargo test</code> in the <code>cranelift/wasm</code> directory.  At a minimum, I'm getting failures in the tests <code>use_name_section</code>, <code>use_fallthrough_return</code>, and <code>testsuite</code>.  All three failures appear to be due to lacking support for riscv64, causing failures in the <code>unwrap</code>s on <a href="https://github.com/bytecodealliance/wasmtime/blob/6cd92f91328b538076f8d724ee2a205edf5b70fc/cranelift/wasm/tests/wasm_testsuite.rs#L60" title="https://github.com/bytecodealliance/wasmtime/blob/6cd92f91328b538076f8d724ee2a205edf5b70fc/cranelift/wasm/tests/wasm_testsuite.rs#L60">this line</a> or <a href="https://github.com/bytecodealliance/wasmtime/blob/6cd92f91328b538076f8d724ee2a205edf5b70fc/cranelift/wasm/tests/wasm_testsuite.rs#L94" title="https://github.com/bytecodealliance/wasmtime/blob/6cd92f91328b538076f8d724ee2a205edf5b70fc/cranelift/wasm/tests/wasm_testsuite.rs#L94">this line</a>.</p>
<p>Am I doing something wrong / missing a step?  Do some crate features need to be enabled in order for tests to pass?  I got the same results with plain <code>cargo test</code> and with <code>cargo test --all-features</code>.</p>
<p>&lt;details&gt;<br>
&lt;summary&gt;Detailed test output:&lt;/summary&gt;</p>
<div class="codehilite"><pre><span></span>&gt; cargo test --all-features
    Finished test [unoptimized + debuginfo] target(s) in 0.08s
     Running /usr/local/home/cdisselk/wasmtime/target/debug/deps/cranelift_wasm-42dfb56b7188030c

running 3 tests
test func_translator::tests::small2 ... ok
test func_translator::tests::small1 ... ok
test func_translator::tests::infloop ... ok

test result: ok. 3 passed; 0 failed; 0 ignored; 0 measured; 0 filtered out

     Running /usr/local/home/cdisselk/wasmtime/target/debug/deps/wasm_testsuite-7a98d34c19ece58b

running 3 tests
test use_name_section ... FAILED
test use_fallthrough_return ... FAILED
test testsuite ... FAILED

failures:

---- use_name_section stdout ----
thread &#39;use_name_section&#39; panicked at &#39;called `Result::unwrap()` on an `Err` value: SupportDisabled&#39;, cranelift/wasm/tests/wasm_testsuite.rs:60:15
note: run with `RUST_BACKTRACE=1` environment variable to display a backtrace

---- use_fallthrough_return stdout ----
thread &#39;use_fallthrough_return&#39; panicked at &#39;called `Result::unwrap()` on an `Err` value: SupportDisabled&#39;, cranelift/wasm/tests/wasm_testsuite.rs:94:15

---- testsuite stdout ----
=== ../wasmtests/arith.wat ===
thread &#39;testsuite&#39; panicked at &#39;called `Result::unwrap()` on an `Err` value: SupportDisabled&#39;, cranelift/wasm/tests/wasm_testsuite.rs:94:15


failures:
    testsuite
    use_fallthrough_return
    use_name_section

test result: FAILED. 0 passed; 3 failed; 0 ignored; 0 measured; 0 filtered out

error: test failed, to rerun pass &#39;--test wasm_testsuite&#39;
</pre></div>


<p>&lt;/details&gt;</p>
<p>Tested on both macOS and Linux, on x86_64, with Rust 1.43.0.  Wasmtime commit <code>6cd92f913</code>.</p>
</blockquote>



<a name="195254837"></a>
<h4><a href="https://bytecodealliance.zulipchat.com#narrow/stream/225357-git-wasmtime/topic/wasmtime%20/%20Issue%20%231595%20Cranelift-wasm%3A%20tests%20fail%20on%20a%20cl.../near/195254837" class="zl"><img src="https://bytecodealliance.github.io/zulip-archive/assets/img/zulip.svg" alt="view this post on Zulip" style="width:20px;height:20px;"></a> Wasmtime GitHub notifications bot <a href="https://bytecodealliance.github.io/zulip-archive/stream/225357-git-wasmtime/topic/wasmtime.20.2F.20Issue.20.231595.20Cranelift-wasm.3A.20tests.20fail.20on.20a.20cl.2E.2E.2E.html#195254837">(Apr 24 2020 at 23:10)</a>:</h4>
<p>github-actions[bot] <a href="https://github.com/bytecodealliance/wasmtime/issues/1595#issuecomment-619275116" title="https://github.com/bytecodealliance/wasmtime/issues/1595#issuecomment-619275116">commented</a> on <a href="https://github.com/bytecodealliance/wasmtime/issues/1595" title="https://github.com/bytecodealliance/wasmtime/issues/1595">Issue #1595</a>:</p>
<blockquote>
<h4>Subscribe to Label Action</h4>
<p>cc @bnjbvr</p>
<p>&lt;details&gt;<br>
This issue or pull request has been labeled: "cranelift"</p>
<p>Thus the following users have been cc'd because of the following labels:</p>
<ul>
<li>bnjbvr: cranelift</li>
</ul>
<p>To subscribe or unsubscribe from this label, edit the &lt;code&gt;.github/subscribe-to-label.json&lt;/code&gt; configuration file.</p>
<p><a href="https://github.com/bytecodealliance/subscribe-to-label-action" title="https://github.com/bytecodealliance/subscribe-to-label-action">Learn more.</a><br>
&lt;/details&gt;</p>
</blockquote>



<a name="195384199"></a>
<h4><a href="https://bytecodealliance.zulipchat.com#narrow/stream/225357-git-wasmtime/topic/wasmtime%20/%20Issue%20%231595%20Cranelift-wasm%3A%20tests%20fail%20on%20a%20cl.../near/195384199" class="zl"><img src="https://bytecodealliance.github.io/zulip-archive/assets/img/zulip.svg" alt="view this post on Zulip" style="width:20px;height:20px;"></a> Wasmtime GitHub notifications bot <a href="https://bytecodealliance.github.io/zulip-archive/stream/225357-git-wasmtime/topic/wasmtime.20.2F.20Issue.20.231595.20Cranelift-wasm.3A.20tests.20fail.20on.20a.20cl.2E.2E.2E.html#195384199">(Apr 27 2020 at 08:05)</a>:</h4>
<p>bnjbvr <a href="https://github.com/bytecodealliance/wasmtime/issues/1595#issuecomment-619808525" title="https://github.com/bytecodealliance/wasmtime/issues/1595#issuecomment-619808525">commented</a> on <a href="https://github.com/bytecodealliance/wasmtime/issues/1595" title="https://github.com/bytecodealliance/wasmtime/issues/1595">Issue #1595</a>:</p>
<blockquote>
<p>Thanks for opening an issue! I suspect that when run in automation, we run it from an higher-up directory, which will select the feature that enables codegen support for all the architectures. So if tested independently, it might not work; but tested with the rest of Cranelift, it should work fine. Probably the fix is to enable the riscv codegen backend for testing.</p>
</blockquote>



<a name="195384209"></a>
<h4><a href="https://bytecodealliance.zulipchat.com#narrow/stream/225357-git-wasmtime/topic/wasmtime%20/%20Issue%20%231595%20Cranelift-wasm%3A%20tests%20fail%20on%20a%20cl.../near/195384209" class="zl"><img src="https://bytecodealliance.github.io/zulip-archive/assets/img/zulip.svg" alt="view this post on Zulip" style="width:20px;height:20px;"></a> Wasmtime GitHub notifications bot <a href="https://bytecodealliance.github.io/zulip-archive/stream/225357-git-wasmtime/topic/wasmtime.20.2F.20Issue.20.231595.20Cranelift-wasm.3A.20tests.20fail.20on.20a.20cl.2E.2E.2E.html#195384209">(Apr 27 2020 at 08:05)</a>:</h4>
<p>bnjbvr edited a <a href="https://github.com/bytecodealliance/wasmtime/issues/1595#issuecomment-619808525" title="https://github.com/bytecodealliance/wasmtime/issues/1595#issuecomment-619808525">comment</a> on <a href="https://github.com/bytecodealliance/wasmtime/issues/1595" title="https://github.com/bytecodealliance/wasmtime/issues/1595">Issue #1595</a>:</p>
<blockquote>
<p>Thanks for opening an issue! I suspect that when run in automation, we run it from an higher-up directory, which will select the feature that enables codegen support for all the architectures. So if tested independently, it might not work; but tested with the rest of Cranelift, it should work fine. Probably the fix is to enable the riscv codegen backend for testing of cranelift-wasm.</p>
</blockquote>



<a name="195482941"></a>
<h4><a href="https://bytecodealliance.zulipchat.com#narrow/stream/225357-git-wasmtime/topic/wasmtime%20/%20Issue%20%231595%20Cranelift-wasm%3A%20tests%20fail%20on%20a%20cl.../near/195482941" class="zl"><img src="https://bytecodealliance.github.io/zulip-archive/assets/img/zulip.svg" alt="view this post on Zulip" style="width:20px;height:20px;"></a> Wasmtime GitHub notifications bot <a href="https://bytecodealliance.github.io/zulip-archive/stream/225357-git-wasmtime/topic/wasmtime.20.2F.20Issue.20.231595.20Cranelift-wasm.3A.20tests.20fail.20on.20a.20cl.2E.2E.2E.html#195482941">(Apr 27 2020 at 22:28)</a>:</h4>
<p>alexcrichton closed <a href="https://github.com/bytecodealliance/wasmtime/issues/1595" title="https://github.com/bytecodealliance/wasmtime/issues/1595">Issue #1595</a>:</p>
<blockquote>
<p>On a clean git checkout of wasmtime <code>master</code>, I'm getting test failures when running <code>cargo test</code> in the <code>cranelift/wasm</code> directory.  At a minimum, I'm getting failures in the tests <code>use_name_section</code>, <code>use_fallthrough_return</code>, and <code>testsuite</code>.  All three failures appear to be due to lacking support for riscv64, causing failures in the <code>unwrap</code>s on <a href="https://github.com/bytecodealliance/wasmtime/blob/6cd92f91328b538076f8d724ee2a205edf5b70fc/cranelift/wasm/tests/wasm_testsuite.rs#L60" title="https://github.com/bytecodealliance/wasmtime/blob/6cd92f91328b538076f8d724ee2a205edf5b70fc/cranelift/wasm/tests/wasm_testsuite.rs#L60">this line</a> or <a href="https://github.com/bytecodealliance/wasmtime/blob/6cd92f91328b538076f8d724ee2a205edf5b70fc/cranelift/wasm/tests/wasm_testsuite.rs#L94" title="https://github.com/bytecodealliance/wasmtime/blob/6cd92f91328b538076f8d724ee2a205edf5b70fc/cranelift/wasm/tests/wasm_testsuite.rs#L94">this line</a>.</p>
<p>Am I doing something wrong / missing a step?  Do some crate features need to be enabled in order for tests to pass?  I got the same results with plain <code>cargo test</code> and with <code>cargo test --all-features</code>.</p>
<p>&lt;details&gt;<br>
&lt;summary&gt;Detailed test output:&lt;/summary&gt;</p>
<div class="codehilite"><pre><span></span>&gt; cargo test --all-features
    Finished test [unoptimized + debuginfo] target(s) in 0.08s
     Running /usr/local/home/cdisselk/wasmtime/target/debug/deps/cranelift_wasm-42dfb56b7188030c

running 3 tests
test func_translator::tests::small2 ... ok
test func_translator::tests::small1 ... ok
test func_translator::tests::infloop ... ok

test result: ok. 3 passed; 0 failed; 0 ignored; 0 measured; 0 filtered out

     Running /usr/local/home/cdisselk/wasmtime/target/debug/deps/wasm_testsuite-7a98d34c19ece58b

running 3 tests
test use_name_section ... FAILED
test use_fallthrough_return ... FAILED
test testsuite ... FAILED

failures:

---- use_name_section stdout ----
thread &#39;use_name_section&#39; panicked at &#39;called `Result::unwrap()` on an `Err` value: SupportDisabled&#39;, cranelift/wasm/tests/wasm_testsuite.rs:60:15
note: run with `RUST_BACKTRACE=1` environment variable to display a backtrace

---- use_fallthrough_return stdout ----
thread &#39;use_fallthrough_return&#39; panicked at &#39;called `Result::unwrap()` on an `Err` value: SupportDisabled&#39;, cranelift/wasm/tests/wasm_testsuite.rs:94:15

---- testsuite stdout ----
=== ../wasmtests/arith.wat ===
thread &#39;testsuite&#39; panicked at &#39;called `Result::unwrap()` on an `Err` value: SupportDisabled&#39;, cranelift/wasm/tests/wasm_testsuite.rs:94:15


failures:
    testsuite
    use_fallthrough_return
    use_name_section

test result: FAILED. 0 passed; 3 failed; 0 ignored; 0 measured; 0 filtered out

error: test failed, to rerun pass &#39;--test wasm_testsuite&#39;
</pre></div>


<p>&lt;/details&gt;</p>
<p>Tested on both macOS and Linux, on x86_64, with Rust 1.43.0.  Wasmtime commit <code>6cd92f913</code>.</p>
</blockquote>



<hr><p>Last updated: Jan 20 2025 at 06:04 UTC</p>
</html>