<html>
<head><meta charset="utf-8"><title>wasmtime / PR #2481 Update spec tests · git-wasmtime · Zulip Chat Archive</title></head>
<h2>Stream: <a href="https://bytecodealliance.github.io/zulip-archive/stream/225357-git-wasmtime/index.html">git-wasmtime</a></h2>
<h3>Topic: <a href="https://bytecodealliance.github.io/zulip-archive/stream/225357-git-wasmtime/topic/wasmtime.20.2F.20PR.20.232481.20Update.20spec.20tests.html">wasmtime / PR #2481 Update spec tests</a></h3>

<hr>

<base href="https://bytecodealliance.zulipchat.com">

<head><link href="https://bytecodealliance.github.io/zulip-archive/style.css" rel="stylesheet"></head>

<a name="218905984"></a>
<h4><a href="https://bytecodealliance.zulipchat.com#narrow/stream/225357-git-wasmtime/topic/wasmtime%20/%20PR%20%232481%20Update%20spec%20tests/near/218905984" class="zl"><img src="https://bytecodealliance.github.io/zulip-archive/assets/img/zulip.svg" alt="view this post on Zulip" style="width:20px;height:20px;"></a> Wasmtime GitHub notifications bot <a href="https://bytecodealliance.github.io/zulip-archive/stream/225357-git-wasmtime/topic/wasmtime.20.2F.20PR.20.232481.20Update.20spec.20tests.html#218905984">(Dec 04 2020 at 23:52)</a>:</h4>
<p>abrown opened <a href="https://github.com/bytecodealliance/wasmtime/pull/2481">PR #2481</a> from <code>update-spec-tests</code> to <code>main</code>:</p>
<blockquote>
<p>This updates the Wasm spec tests to the commits at <a href="https://github.com/WebAssembly/testsuite/pull/37">https://github.com/WebAssembly/testsuite/pull/37</a>, which brings in some tests for new Wasm SIMD operations. Since this has not been updated in a while, it brings in other changes, like those to <code>data.wast</code> which cause a failure:</p>
<div class="codehilite" data-code-language="Rust"><pre><span></span><code><span class="o">----</span><span class="w"> </span><span class="n">wast</span>::<span class="n">Cranelift</span>::<span class="n">spec</span>::<span class="n">data</span><span class="w"> </span><span class="n">stdout</span><span class="w"> </span><span class="o">----</span><span class="w"></span>
<span class="n">thread</span><span class="w"> </span><span class="o">'</span><span class="na">wast</span>::<span class="n">Cranelift</span>::<span class="n">spec</span>::<span class="n">data</span><span class="o">'</span><span class="w"> </span><span class="n">panicked</span><span class="w"> </span><span class="n">at</span><span class="w"> </span><span class="o">'</span><span class="na">called</span><span class="w"> </span><span class="err">`</span><span class="nb">Result</span>::<span class="n">unwrap</span><span class="p">()</span><span class="err">`</span><span class="w"> </span><span class="n">on</span><span class="w"> </span><span class="n">an</span><span class="w"> </span><span class="err">`</span><span class="nb">Err</span><span class="err">`</span><span class="w"> </span><span class="n">value</span>: <span class="nc">failed</span><span class="w"> </span><span class="n">directive</span><span class="w"> </span><span class="n">on</span><span class="w"> </span><span class="n">tests</span><span class="o">/</span><span class="n">spec_testsuite</span><span class="o">/</span><span class="n">data</span><span class="p">.</span><span class="n">wast</span>:<span class="mi">290</span>:<span class="mi">1</span><span class="w"></span>

<span class="n">Caused</span><span class="w"> </span><span class="n">by</span>:
    <span class="nc">assert_invalid</span>: <span class="nc">expected</span><span class="w"> </span><span class="s">"unknown memory 1"</span><span class="p">,</span><span class="w"> </span><span class="n">got</span><span class="w"> </span><span class="s">"WebAssembly failed to compile</span>

<span class="s">    Caused by:</span>
<span class="s">        0: WebAssembly translation error</span>
<span class="s">        1: Invalid input WebAssembly code at offset 21: Data segment extends past end of the data section"</span><span class="o">'</span><span class="p">,</span><span class="w"> </span><span class="o">/</span><span class="n">home</span><span class="o">/</span><span class="n">abrown</span><span class="o">/</span><span class="n">Code</span><span class="o">/</span><span class="n">wasmtime</span><span class="o">/</span><span class="n">target</span><span class="o">/</span><span class="n">debug</span><span class="o">/</span><span class="n">build</span><span class="o">/</span><span class="n">wasmtime</span><span class="o">-</span><span class="n">cli</span><span class="o">-</span><span class="mi">02</span><span class="n">b4b8fc65746038</span><span class="o">/</span><span class="n">out</span><span class="o">/</span><span class="n">wast_testsuite_tests</span><span class="p">.</span><span class="n">rs</span>:<span class="mi">470</span>:<span class="mi">14</span><span class="w"></span>

<span class="n">failures</span>:
    <span class="nc">wast</span>::<span class="n">Cranelift</span>::<span class="n">spec</span>::<span class="n">data</span><span class="w"></span>

<span class="n">test</span><span class="w"> </span><span class="n">result</span>: <span class="nc">FAILED</span><span class="p">.</span><span class="w"> </span><span class="mi">264</span><span class="w"> </span><span class="n">passed</span><span class="p">;</span><span class="w"> </span><span class="mi">1</span><span class="w"> </span><span class="n">failed</span><span class="p">;</span><span class="w"> </span><span class="mi">48</span><span class="w"> </span><span class="n">ignored</span><span class="p">;</span><span class="w"> </span><span class="mi">0</span><span class="w"> </span><span class="n">measured</span><span class="p">;</span><span class="w"> </span><span class="mi">0</span><span class="w"> </span><span class="n">filtered</span><span class="w"> </span><span class="n">out</span><span class="w"></span>
</code></pre></div>
<p>Is this an error stringifying problem or a problem in Wasmtime?</p>
</blockquote>



<a name="218905985"></a>
<h4><a href="https://bytecodealliance.zulipchat.com#narrow/stream/225357-git-wasmtime/topic/wasmtime%20/%20PR%20%232481%20Update%20spec%20tests/near/218905985" class="zl"><img src="https://bytecodealliance.github.io/zulip-archive/assets/img/zulip.svg" alt="view this post on Zulip" style="width:20px;height:20px;"></a> Wasmtime GitHub notifications bot <a href="https://bytecodealliance.github.io/zulip-archive/stream/225357-git-wasmtime/topic/wasmtime.20.2F.20PR.20.232481.20Update.20spec.20tests.html#218905985">(Dec 04 2020 at 23:52)</a>:</h4>
<p><strong>abrown</strong> requested <a href="https://github.com/fitzgen">fitzgen</a> for a review on <a href="https://github.com/bytecodealliance/wasmtime/pull/2481">PR #2481</a>.</p>



<a name="218906000"></a>
<h4><a href="https://bytecodealliance.zulipchat.com#narrow/stream/225357-git-wasmtime/topic/wasmtime%20/%20PR%20%232481%20Update%20spec%20tests/near/218906000" class="zl"><img src="https://bytecodealliance.github.io/zulip-archive/assets/img/zulip.svg" alt="view this post on Zulip" style="width:20px;height:20px;"></a> Wasmtime GitHub notifications bot <a href="https://bytecodealliance.github.io/zulip-archive/stream/225357-git-wasmtime/topic/wasmtime.20.2F.20PR.20.232481.20Update.20spec.20tests.html#218906000">(Dec 04 2020 at 23:53)</a>:</h4>
<p>abrown edited <a href="https://github.com/bytecodealliance/wasmtime/pull/2481">PR #2481</a> from <code>update-spec-tests</code> to <code>main</code>:</p>
<blockquote>
<p>This updates the Wasm spec tests to the commits at <a href="https://github.com/WebAssembly/testsuite/pull/37">https://github.com/WebAssembly/testsuite/pull/37</a>, which brings in some tests for new Wasm SIMD operations. Since the spec tesets have not been updated in a while, it brings in other changes, like those to <code>data.wast</code> which cause a failure:</p>
<div class="codehilite" data-code-language="Rust"><pre><span></span><code><span class="o">----</span><span class="w"> </span><span class="n">wast</span>::<span class="n">Cranelift</span>::<span class="n">spec</span>::<span class="n">data</span><span class="w"> </span><span class="n">stdout</span><span class="w"> </span><span class="o">----</span><span class="w"></span>
<span class="n">thread</span><span class="w"> </span><span class="o">'</span><span class="na">wast</span>::<span class="n">Cranelift</span>::<span class="n">spec</span>::<span class="n">data</span><span class="o">'</span><span class="w"> </span><span class="n">panicked</span><span class="w"> </span><span class="n">at</span><span class="w"> </span><span class="o">'</span><span class="na">called</span><span class="w"> </span><span class="err">`</span><span class="nb">Result</span>::<span class="n">unwrap</span><span class="p">()</span><span class="err">`</span><span class="w"> </span><span class="n">on</span><span class="w"> </span><span class="n">an</span><span class="w"> </span><span class="err">`</span><span class="nb">Err</span><span class="err">`</span><span class="w"> </span><span class="n">value</span>: <span class="nc">failed</span><span class="w"> </span><span class="n">directive</span><span class="w"> </span><span class="n">on</span><span class="w"> </span><span class="n">tests</span><span class="o">/</span><span class="n">spec_testsuite</span><span class="o">/</span><span class="n">data</span><span class="p">.</span><span class="n">wast</span>:<span class="mi">290</span>:<span class="mi">1</span><span class="w"></span>

<span class="n">Caused</span><span class="w"> </span><span class="n">by</span>:
    <span class="nc">assert_invalid</span>: <span class="nc">expected</span><span class="w"> </span><span class="s">"unknown memory 1"</span><span class="p">,</span><span class="w"> </span><span class="n">got</span><span class="w"> </span><span class="s">"WebAssembly failed to compile</span>

<span class="s">    Caused by:</span>
<span class="s">        0: WebAssembly translation error</span>
<span class="s">        1: Invalid input WebAssembly code at offset 21: Data segment extends past end of the data section"</span><span class="o">'</span><span class="p">,</span><span class="w"> </span><span class="o">/</span><span class="n">home</span><span class="o">/</span><span class="n">abrown</span><span class="o">/</span><span class="n">Code</span><span class="o">/</span><span class="n">wasmtime</span><span class="o">/</span><span class="n">target</span><span class="o">/</span><span class="n">debug</span><span class="o">/</span><span class="n">build</span><span class="o">/</span><span class="n">wasmtime</span><span class="o">-</span><span class="n">cli</span><span class="o">-</span><span class="mi">02</span><span class="n">b4b8fc65746038</span><span class="o">/</span><span class="n">out</span><span class="o">/</span><span class="n">wast_testsuite_tests</span><span class="p">.</span><span class="n">rs</span>:<span class="mi">470</span>:<span class="mi">14</span><span class="w"></span>

<span class="n">failures</span>:
    <span class="nc">wast</span>::<span class="n">Cranelift</span>::<span class="n">spec</span>::<span class="n">data</span><span class="w"></span>

<span class="n">test</span><span class="w"> </span><span class="n">result</span>: <span class="nc">FAILED</span><span class="p">.</span><span class="w"> </span><span class="mi">264</span><span class="w"> </span><span class="n">passed</span><span class="p">;</span><span class="w"> </span><span class="mi">1</span><span class="w"> </span><span class="n">failed</span><span class="p">;</span><span class="w"> </span><span class="mi">48</span><span class="w"> </span><span class="n">ignored</span><span class="p">;</span><span class="w"> </span><span class="mi">0</span><span class="w"> </span><span class="n">measured</span><span class="p">;</span><span class="w"> </span><span class="mi">0</span><span class="w"> </span><span class="n">filtered</span><span class="w"> </span><span class="n">out</span><span class="w"></span>
</code></pre></div>
<p>Is this an error stringifying problem or a problem in Wasmtime?</p>
</blockquote>



<a name="218906018"></a>
<h4><a href="https://bytecodealliance.zulipchat.com#narrow/stream/225357-git-wasmtime/topic/wasmtime%20/%20PR%20%232481%20Update%20spec%20tests/near/218906018" class="zl"><img src="https://bytecodealliance.github.io/zulip-archive/assets/img/zulip.svg" alt="view this post on Zulip" style="width:20px;height:20px;"></a> Wasmtime GitHub notifications bot <a href="https://bytecodealliance.github.io/zulip-archive/stream/225357-git-wasmtime/topic/wasmtime.20.2F.20PR.20.232481.20Update.20spec.20tests.html#218906018">(Dec 04 2020 at 23:53)</a>:</h4>
<p>abrown edited <a href="https://github.com/bytecodealliance/wasmtime/pull/2481">PR #2481</a> from <code>update-spec-tests</code> to <code>main</code>:</p>
<blockquote>
<p>This updates the Wasm spec tests to the commits at <a href="https://github.com/WebAssembly/testsuite/pull/37">https://github.com/WebAssembly/testsuite/pull/37</a>, which brings in some tests for new Wasm SIMD operations. Since the spec tesets have not been updated in a while, it brings in other changes, like those to <code>data.wast</code> which cause a failure:</p>
<div class="codehilite" data-code-language="Rust"><pre><span></span><code><span class="o">----</span><span class="w"> </span><span class="n">wast</span>::<span class="n">Cranelift</span>::<span class="n">spec</span>::<span class="n">data</span><span class="w"> </span><span class="n">stdout</span><span class="w"> </span><span class="o">----</span><span class="w"></span>
<span class="n">thread</span><span class="w"> </span><span class="o">'</span><span class="na">wast</span>::<span class="n">Cranelift</span>::<span class="n">spec</span>::<span class="n">data</span><span class="o">'</span><span class="w"> </span><span class="n">panicked</span><span class="w"> </span><span class="n">at</span><span class="w"> </span><span class="o">'</span><span class="na">called</span><span class="w"> </span><span class="err">`</span><span class="nb">Result</span>::<span class="n">unwrap</span><span class="p">()</span><span class="err">`</span><span class="w"> </span><span class="n">on</span><span class="w"> </span><span class="n">an</span><span class="w"> </span><span class="err">`</span><span class="nb">Err</span><span class="err">`</span><span class="w"> </span><span class="n">value</span>: <span class="nc">failed</span><span class="w"> </span><span class="n">directive</span><span class="w"> </span><span class="n">on</span><span class="w"> </span><span class="n">tests</span><span class="o">/</span><span class="n">spec_testsuite</span><span class="o">/</span><span class="n">data</span><span class="p">.</span><span class="n">wast</span>:<span class="mi">290</span>:<span class="mi">1</span><span class="w"></span>

<span class="n">Caused</span><span class="w"> </span><span class="n">by</span>:
    <span class="nc">assert_invalid</span>: <span class="nc">expected</span><span class="w"> </span><span class="s">"unknown memory 1"</span><span class="p">,</span><span class="w"> </span><span class="n">got</span><span class="w"> </span><span class="s">"WebAssembly failed to compile</span>

<span class="s">    Caused by:</span>
<span class="s">        0: WebAssembly translation error</span>
<span class="s">        1: Invalid input WebAssembly code at offset 21: Data segment extends past end of the data section"</span><span class="o">'</span><span class="p">,</span><span class="w"> </span><span class="o">/</span><span class="n">home</span><span class="o">/</span><span class="n">abrown</span><span class="o">/</span><span class="n">Code</span><span class="o">/</span><span class="n">wasmtime</span><span class="o">/</span><span class="n">target</span><span class="o">/</span><span class="n">debug</span><span class="o">/</span><span class="n">build</span><span class="o">/</span><span class="n">wasmtime</span><span class="o">-</span><span class="n">cli</span><span class="o">-</span><span class="mi">02</span><span class="n">b4b8fc65746038</span><span class="o">/</span><span class="n">out</span><span class="o">/</span><span class="n">wast_testsuite_tests</span><span class="p">.</span><span class="n">rs</span>:<span class="mi">470</span>:<span class="mi">14</span><span class="w"></span>

<span class="n">failures</span>:
    <span class="nc">wast</span>::<span class="n">Cranelift</span>::<span class="n">spec</span>::<span class="n">data</span><span class="w"></span>

<span class="n">test</span><span class="w"> </span><span class="n">result</span>: <span class="nc">FAILED</span><span class="p">.</span><span class="w"> </span><span class="mi">264</span><span class="w"> </span><span class="n">passed</span><span class="p">;</span><span class="w"> </span><span class="mi">1</span><span class="w"> </span><span class="n">failed</span><span class="p">;</span><span class="w"> </span><span class="mi">48</span><span class="w"> </span><span class="n">ignored</span><span class="p">;</span><span class="w"> </span><span class="mi">0</span><span class="w"> </span><span class="n">measured</span><span class="p">;</span><span class="w"> </span><span class="mi">0</span><span class="w"> </span><span class="n">filtered</span><span class="w"> </span><span class="n">out</span><span class="w"></span>
</code></pre></div>
<p>Is this an error stringifying problem or a problem in Wasmtime itself?</p>
</blockquote>



<a name="219102245"></a>
<h4><a href="https://bytecodealliance.zulipchat.com#narrow/stream/225357-git-wasmtime/topic/wasmtime%20/%20PR%20%232481%20Update%20spec%20tests/near/219102245" class="zl"><img src="https://bytecodealliance.github.io/zulip-archive/assets/img/zulip.svg" alt="view this post on Zulip" style="width:20px;height:20px;"></a> Wasmtime GitHub notifications bot <a href="https://bytecodealliance.github.io/zulip-archive/stream/225357-git-wasmtime/topic/wasmtime.20.2F.20PR.20.232481.20Update.20spec.20tests.html#219102245">(Dec 07 2020 at 16:28)</a>:</h4>
<p>fitzgen submitted <a href="https://github.com/bytecodealliance/wasmtime/pull/2481#pullrequestreview-546317764">PR Review</a>.</p>



<a name="219102282"></a>
<h4><a href="https://bytecodealliance.zulipchat.com#narrow/stream/225357-git-wasmtime/topic/wasmtime%20/%20PR%20%232481%20Update%20spec%20tests/near/219102282" class="zl"><img src="https://bytecodealliance.github.io/zulip-archive/assets/img/zulip.svg" alt="view this post on Zulip" style="width:20px;height:20px;"></a> Wasmtime GitHub notifications bot <a href="https://bytecodealliance.github.io/zulip-archive/stream/225357-git-wasmtime/topic/wasmtime.20.2F.20PR.20.232481.20Update.20spec.20tests.html#219102282">(Dec 07 2020 at 16:28)</a>:</h4>
<p>fitzgen submitted <a href="https://github.com/bytecodealliance/wasmtime/pull/2481#pullrequestreview-546318098">PR Review</a>.</p>



<a name="219109371"></a>
<h4><a href="https://bytecodealliance.zulipchat.com#narrow/stream/225357-git-wasmtime/topic/wasmtime%20/%20PR%20%232481%20Update%20spec%20tests/near/219109371" class="zl"><img src="https://bytecodealliance.github.io/zulip-archive/assets/img/zulip.svg" alt="view this post on Zulip" style="width:20px;height:20px;"></a> Wasmtime GitHub notifications bot <a href="https://bytecodealliance.github.io/zulip-archive/stream/225357-git-wasmtime/topic/wasmtime.20.2F.20PR.20.232481.20Update.20spec.20tests.html#219109371">(Dec 07 2020 at 17:21)</a>:</h4>
<p>abrown updated <a href="https://github.com/bytecodealliance/wasmtime/pull/2481">PR #2481</a> from <code>update-spec-tests</code> to <code>main</code>:</p>
<blockquote>
<p>This updates the Wasm spec tests to the commits at <a href="https://github.com/WebAssembly/testsuite/pull/37">https://github.com/WebAssembly/testsuite/pull/37</a>, which brings in some tests for new Wasm SIMD operations. Since the spec tesets have not been updated in a while, it brings in other changes, like those to <code>data.wast</code> which cause a failure:</p>
<div class="codehilite" data-code-language="Rust"><pre><span></span><code><span class="o">----</span><span class="w"> </span><span class="n">wast</span>::<span class="n">Cranelift</span>::<span class="n">spec</span>::<span class="n">data</span><span class="w"> </span><span class="n">stdout</span><span class="w"> </span><span class="o">----</span><span class="w"></span>
<span class="n">thread</span><span class="w"> </span><span class="o">'</span><span class="na">wast</span>::<span class="n">Cranelift</span>::<span class="n">spec</span>::<span class="n">data</span><span class="o">'</span><span class="w"> </span><span class="n">panicked</span><span class="w"> </span><span class="n">at</span><span class="w"> </span><span class="o">'</span><span class="na">called</span><span class="w"> </span><span class="err">`</span><span class="nb">Result</span>::<span class="n">unwrap</span><span class="p">()</span><span class="err">`</span><span class="w"> </span><span class="n">on</span><span class="w"> </span><span class="n">an</span><span class="w"> </span><span class="err">`</span><span class="nb">Err</span><span class="err">`</span><span class="w"> </span><span class="n">value</span>: <span class="nc">failed</span><span class="w"> </span><span class="n">directive</span><span class="w"> </span><span class="n">on</span><span class="w"> </span><span class="n">tests</span><span class="o">/</span><span class="n">spec_testsuite</span><span class="o">/</span><span class="n">data</span><span class="p">.</span><span class="n">wast</span>:<span class="mi">290</span>:<span class="mi">1</span><span class="w"></span>

<span class="n">Caused</span><span class="w"> </span><span class="n">by</span>:
    <span class="nc">assert_invalid</span>: <span class="nc">expected</span><span class="w"> </span><span class="s">"unknown memory 1"</span><span class="p">,</span><span class="w"> </span><span class="n">got</span><span class="w"> </span><span class="s">"WebAssembly failed to compile</span>

<span class="s">    Caused by:</span>
<span class="s">        0: WebAssembly translation error</span>
<span class="s">        1: Invalid input WebAssembly code at offset 21: Data segment extends past end of the data section"</span><span class="o">'</span><span class="p">,</span><span class="w"> </span><span class="o">/</span><span class="n">home</span><span class="o">/</span><span class="n">abrown</span><span class="o">/</span><span class="n">Code</span><span class="o">/</span><span class="n">wasmtime</span><span class="o">/</span><span class="n">target</span><span class="o">/</span><span class="n">debug</span><span class="o">/</span><span class="n">build</span><span class="o">/</span><span class="n">wasmtime</span><span class="o">-</span><span class="n">cli</span><span class="o">-</span><span class="mi">02</span><span class="n">b4b8fc65746038</span><span class="o">/</span><span class="n">out</span><span class="o">/</span><span class="n">wast_testsuite_tests</span><span class="p">.</span><span class="n">rs</span>:<span class="mi">470</span>:<span class="mi">14</span><span class="w"></span>

<span class="n">failures</span>:
    <span class="nc">wast</span>::<span class="n">Cranelift</span>::<span class="n">spec</span>::<span class="n">data</span><span class="w"></span>

<span class="n">test</span><span class="w"> </span><span class="n">result</span>: <span class="nc">FAILED</span><span class="p">.</span><span class="w"> </span><span class="mi">264</span><span class="w"> </span><span class="n">passed</span><span class="p">;</span><span class="w"> </span><span class="mi">1</span><span class="w"> </span><span class="n">failed</span><span class="p">;</span><span class="w"> </span><span class="mi">48</span><span class="w"> </span><span class="n">ignored</span><span class="p">;</span><span class="w"> </span><span class="mi">0</span><span class="w"> </span><span class="n">measured</span><span class="p">;</span><span class="w"> </span><span class="mi">0</span><span class="w"> </span><span class="n">filtered</span><span class="w"> </span><span class="n">out</span><span class="w"></span>
</code></pre></div>
<p>Is this an error stringifying problem or a problem in Wasmtime itself?</p>
</blockquote>



<a name="219111522"></a>
<h4><a href="https://bytecodealliance.zulipchat.com#narrow/stream/225357-git-wasmtime/topic/wasmtime%20/%20PR%20%232481%20Update%20spec%20tests/near/219111522" class="zl"><img src="https://bytecodealliance.github.io/zulip-archive/assets/img/zulip.svg" alt="view this post on Zulip" style="width:20px;height:20px;"></a> Wasmtime GitHub notifications bot <a href="https://bytecodealliance.github.io/zulip-archive/stream/225357-git-wasmtime/topic/wasmtime.20.2F.20PR.20.232481.20Update.20spec.20tests.html#219111522">(Dec 07 2020 at 17:37)</a>:</h4>
<p>abrown updated <a href="https://github.com/bytecodealliance/wasmtime/pull/2481">PR #2481</a> from <code>update-spec-tests</code> to <code>main</code>:</p>
<blockquote>
<p>This updates the Wasm spec tests to the commits at <a href="https://github.com/WebAssembly/testsuite/pull/37">https://github.com/WebAssembly/testsuite/pull/37</a>, which brings in some tests for new Wasm SIMD operations. Since the spec tesets have not been updated in a while, it brings in other changes, like those to <code>data.wast</code> which cause a failure:</p>
<div class="codehilite" data-code-language="Rust"><pre><span></span><code><span class="o">----</span><span class="w"> </span><span class="n">wast</span>::<span class="n">Cranelift</span>::<span class="n">spec</span>::<span class="n">data</span><span class="w"> </span><span class="n">stdout</span><span class="w"> </span><span class="o">----</span><span class="w"></span>
<span class="n">thread</span><span class="w"> </span><span class="o">'</span><span class="na">wast</span>::<span class="n">Cranelift</span>::<span class="n">spec</span>::<span class="n">data</span><span class="o">'</span><span class="w"> </span><span class="n">panicked</span><span class="w"> </span><span class="n">at</span><span class="w"> </span><span class="o">'</span><span class="na">called</span><span class="w"> </span><span class="err">`</span><span class="nb">Result</span>::<span class="n">unwrap</span><span class="p">()</span><span class="err">`</span><span class="w"> </span><span class="n">on</span><span class="w"> </span><span class="n">an</span><span class="w"> </span><span class="err">`</span><span class="nb">Err</span><span class="err">`</span><span class="w"> </span><span class="n">value</span>: <span class="nc">failed</span><span class="w"> </span><span class="n">directive</span><span class="w"> </span><span class="n">on</span><span class="w"> </span><span class="n">tests</span><span class="o">/</span><span class="n">spec_testsuite</span><span class="o">/</span><span class="n">data</span><span class="p">.</span><span class="n">wast</span>:<span class="mi">290</span>:<span class="mi">1</span><span class="w"></span>

<span class="n">Caused</span><span class="w"> </span><span class="n">by</span>:
    <span class="nc">assert_invalid</span>: <span class="nc">expected</span><span class="w"> </span><span class="s">"unknown memory 1"</span><span class="p">,</span><span class="w"> </span><span class="n">got</span><span class="w"> </span><span class="s">"WebAssembly failed to compile</span>

<span class="s">    Caused by:</span>
<span class="s">        0: WebAssembly translation error</span>
<span class="s">        1: Invalid input WebAssembly code at offset 21: Data segment extends past end of the data section"</span><span class="o">'</span><span class="p">,</span><span class="w"> </span><span class="o">/</span><span class="n">home</span><span class="o">/</span><span class="n">abrown</span><span class="o">/</span><span class="n">Code</span><span class="o">/</span><span class="n">wasmtime</span><span class="o">/</span><span class="n">target</span><span class="o">/</span><span class="n">debug</span><span class="o">/</span><span class="n">build</span><span class="o">/</span><span class="n">wasmtime</span><span class="o">-</span><span class="n">cli</span><span class="o">-</span><span class="mi">02</span><span class="n">b4b8fc65746038</span><span class="o">/</span><span class="n">out</span><span class="o">/</span><span class="n">wast_testsuite_tests</span><span class="p">.</span><span class="n">rs</span>:<span class="mi">470</span>:<span class="mi">14</span><span class="w"></span>

<span class="n">failures</span>:
    <span class="nc">wast</span>::<span class="n">Cranelift</span>::<span class="n">spec</span>::<span class="n">data</span><span class="w"></span>

<span class="n">test</span><span class="w"> </span><span class="n">result</span>: <span class="nc">FAILED</span><span class="p">.</span><span class="w"> </span><span class="mi">264</span><span class="w"> </span><span class="n">passed</span><span class="p">;</span><span class="w"> </span><span class="mi">1</span><span class="w"> </span><span class="n">failed</span><span class="p">;</span><span class="w"> </span><span class="mi">48</span><span class="w"> </span><span class="n">ignored</span><span class="p">;</span><span class="w"> </span><span class="mi">0</span><span class="w"> </span><span class="n">measured</span><span class="p">;</span><span class="w"> </span><span class="mi">0</span><span class="w"> </span><span class="n">filtered</span><span class="w"> </span><span class="n">out</span><span class="w"></span>
</code></pre></div>
<p>Is this an error stringifying problem or a problem in Wasmtime itself?</p>
</blockquote>



<a name="219111862"></a>
<h4><a href="https://bytecodealliance.zulipchat.com#narrow/stream/225357-git-wasmtime/topic/wasmtime%20/%20PR%20%232481%20Update%20spec%20tests/near/219111862" class="zl"><img src="https://bytecodealliance.github.io/zulip-archive/assets/img/zulip.svg" alt="view this post on Zulip" style="width:20px;height:20px;"></a> Wasmtime GitHub notifications bot <a href="https://bytecodealliance.github.io/zulip-archive/stream/225357-git-wasmtime/topic/wasmtime.20.2F.20PR.20.232481.20Update.20spec.20tests.html#219111862">(Dec 07 2020 at 17:39)</a>:</h4>
<p>abrown updated <a href="https://github.com/bytecodealliance/wasmtime/pull/2481">PR #2481</a> from <code>update-spec-tests</code> to <code>main</code>:</p>
<blockquote>
<p>This updates the Wasm spec tests to the commits at <a href="https://github.com/WebAssembly/testsuite/pull/37">https://github.com/WebAssembly/testsuite/pull/37</a>, which brings in some tests for new Wasm SIMD operations. Since the spec tesets have not been updated in a while, it brings in other changes, like those to <code>data.wast</code> which cause a failure:</p>
<div class="codehilite" data-code-language="Rust"><pre><span></span><code><span class="o">----</span><span class="w"> </span><span class="n">wast</span>::<span class="n">Cranelift</span>::<span class="n">spec</span>::<span class="n">data</span><span class="w"> </span><span class="n">stdout</span><span class="w"> </span><span class="o">----</span><span class="w"></span>
<span class="n">thread</span><span class="w"> </span><span class="o">'</span><span class="na">wast</span>::<span class="n">Cranelift</span>::<span class="n">spec</span>::<span class="n">data</span><span class="o">'</span><span class="w"> </span><span class="n">panicked</span><span class="w"> </span><span class="n">at</span><span class="w"> </span><span class="o">'</span><span class="na">called</span><span class="w"> </span><span class="err">`</span><span class="nb">Result</span>::<span class="n">unwrap</span><span class="p">()</span><span class="err">`</span><span class="w"> </span><span class="n">on</span><span class="w"> </span><span class="n">an</span><span class="w"> </span><span class="err">`</span><span class="nb">Err</span><span class="err">`</span><span class="w"> </span><span class="n">value</span>: <span class="nc">failed</span><span class="w"> </span><span class="n">directive</span><span class="w"> </span><span class="n">on</span><span class="w"> </span><span class="n">tests</span><span class="o">/</span><span class="n">spec_testsuite</span><span class="o">/</span><span class="n">data</span><span class="p">.</span><span class="n">wast</span>:<span class="mi">290</span>:<span class="mi">1</span><span class="w"></span>

<span class="n">Caused</span><span class="w"> </span><span class="n">by</span>:
    <span class="nc">assert_invalid</span>: <span class="nc">expected</span><span class="w"> </span><span class="s">"unknown memory 1"</span><span class="p">,</span><span class="w"> </span><span class="n">got</span><span class="w"> </span><span class="s">"WebAssembly failed to compile</span>

<span class="s">    Caused by:</span>
<span class="s">        0: WebAssembly translation error</span>
<span class="s">        1: Invalid input WebAssembly code at offset 21: Data segment extends past end of the data section"</span><span class="o">'</span><span class="p">,</span><span class="w"> </span><span class="o">/</span><span class="n">home</span><span class="o">/</span><span class="n">abrown</span><span class="o">/</span><span class="n">Code</span><span class="o">/</span><span class="n">wasmtime</span><span class="o">/</span><span class="n">target</span><span class="o">/</span><span class="n">debug</span><span class="o">/</span><span class="n">build</span><span class="o">/</span><span class="n">wasmtime</span><span class="o">-</span><span class="n">cli</span><span class="o">-</span><span class="mi">02</span><span class="n">b4b8fc65746038</span><span class="o">/</span><span class="n">out</span><span class="o">/</span><span class="n">wast_testsuite_tests</span><span class="p">.</span><span class="n">rs</span>:<span class="mi">470</span>:<span class="mi">14</span><span class="w"></span>

<span class="n">failures</span>:
    <span class="nc">wast</span>::<span class="n">Cranelift</span>::<span class="n">spec</span>::<span class="n">data</span><span class="w"></span>

<span class="n">test</span><span class="w"> </span><span class="n">result</span>: <span class="nc">FAILED</span><span class="p">.</span><span class="w"> </span><span class="mi">264</span><span class="w"> </span><span class="n">passed</span><span class="p">;</span><span class="w"> </span><span class="mi">1</span><span class="w"> </span><span class="n">failed</span><span class="p">;</span><span class="w"> </span><span class="mi">48</span><span class="w"> </span><span class="n">ignored</span><span class="p">;</span><span class="w"> </span><span class="mi">0</span><span class="w"> </span><span class="n">measured</span><span class="p">;</span><span class="w"> </span><span class="mi">0</span><span class="w"> </span><span class="n">filtered</span><span class="w"> </span><span class="n">out</span><span class="w"></span>
</code></pre></div>
<p>Is this an error stringifying problem or a problem in Wasmtime itself?</p>
</blockquote>



<a name="219112115"></a>
<h4><a href="https://bytecodealliance.zulipchat.com#narrow/stream/225357-git-wasmtime/topic/wasmtime%20/%20PR%20%232481%20Update%20spec%20tests/near/219112115" class="zl"><img src="https://bytecodealliance.github.io/zulip-archive/assets/img/zulip.svg" alt="view this post on Zulip" style="width:20px;height:20px;"></a> Wasmtime GitHub notifications bot <a href="https://bytecodealliance.github.io/zulip-archive/stream/225357-git-wasmtime/topic/wasmtime.20.2F.20PR.20.232481.20Update.20spec.20tests.html#219112115">(Dec 07 2020 at 17:41)</a>:</h4>
<p>abrown updated <a href="https://github.com/bytecodealliance/wasmtime/pull/2481">PR #2481</a> from <code>update-spec-tests</code> to <code>main</code>:</p>
<blockquote>
<p>This updates the Wasm spec tests to the commits at <a href="https://github.com/WebAssembly/testsuite/pull/37">https://github.com/WebAssembly/testsuite/pull/37</a>, which brings in some tests for new Wasm SIMD operations. Since the spec tesets have not been updated in a while, it brings in other changes, like those to <code>data.wast</code> which cause a failure:</p>
<div class="codehilite" data-code-language="Rust"><pre><span></span><code><span class="o">----</span><span class="w"> </span><span class="n">wast</span>::<span class="n">Cranelift</span>::<span class="n">spec</span>::<span class="n">data</span><span class="w"> </span><span class="n">stdout</span><span class="w"> </span><span class="o">----</span><span class="w"></span>
<span class="n">thread</span><span class="w"> </span><span class="o">'</span><span class="na">wast</span>::<span class="n">Cranelift</span>::<span class="n">spec</span>::<span class="n">data</span><span class="o">'</span><span class="w"> </span><span class="n">panicked</span><span class="w"> </span><span class="n">at</span><span class="w"> </span><span class="o">'</span><span class="na">called</span><span class="w"> </span><span class="err">`</span><span class="nb">Result</span>::<span class="n">unwrap</span><span class="p">()</span><span class="err">`</span><span class="w"> </span><span class="n">on</span><span class="w"> </span><span class="n">an</span><span class="w"> </span><span class="err">`</span><span class="nb">Err</span><span class="err">`</span><span class="w"> </span><span class="n">value</span>: <span class="nc">failed</span><span class="w"> </span><span class="n">directive</span><span class="w"> </span><span class="n">on</span><span class="w"> </span><span class="n">tests</span><span class="o">/</span><span class="n">spec_testsuite</span><span class="o">/</span><span class="n">data</span><span class="p">.</span><span class="n">wast</span>:<span class="mi">290</span>:<span class="mi">1</span><span class="w"></span>

<span class="n">Caused</span><span class="w"> </span><span class="n">by</span>:
    <span class="nc">assert_invalid</span>: <span class="nc">expected</span><span class="w"> </span><span class="s">"unknown memory 1"</span><span class="p">,</span><span class="w"> </span><span class="n">got</span><span class="w"> </span><span class="s">"WebAssembly failed to compile</span>

<span class="s">    Caused by:</span>
<span class="s">        0: WebAssembly translation error</span>
<span class="s">        1: Invalid input WebAssembly code at offset 21: Data segment extends past end of the data section"</span><span class="o">'</span><span class="p">,</span><span class="w"> </span><span class="o">/</span><span class="n">home</span><span class="o">/</span><span class="n">abrown</span><span class="o">/</span><span class="n">Code</span><span class="o">/</span><span class="n">wasmtime</span><span class="o">/</span><span class="n">target</span><span class="o">/</span><span class="n">debug</span><span class="o">/</span><span class="n">build</span><span class="o">/</span><span class="n">wasmtime</span><span class="o">-</span><span class="n">cli</span><span class="o">-</span><span class="mi">02</span><span class="n">b4b8fc65746038</span><span class="o">/</span><span class="n">out</span><span class="o">/</span><span class="n">wast_testsuite_tests</span><span class="p">.</span><span class="n">rs</span>:<span class="mi">470</span>:<span class="mi">14</span><span class="w"></span>

<span class="n">failures</span>:
    <span class="nc">wast</span>::<span class="n">Cranelift</span>::<span class="n">spec</span>::<span class="n">data</span><span class="w"></span>

<span class="n">test</span><span class="w"> </span><span class="n">result</span>: <span class="nc">FAILED</span><span class="p">.</span><span class="w"> </span><span class="mi">264</span><span class="w"> </span><span class="n">passed</span><span class="p">;</span><span class="w"> </span><span class="mi">1</span><span class="w"> </span><span class="n">failed</span><span class="p">;</span><span class="w"> </span><span class="mi">48</span><span class="w"> </span><span class="n">ignored</span><span class="p">;</span><span class="w"> </span><span class="mi">0</span><span class="w"> </span><span class="n">measured</span><span class="p">;</span><span class="w"> </span><span class="mi">0</span><span class="w"> </span><span class="n">filtered</span><span class="w"> </span><span class="n">out</span><span class="w"></span>
</code></pre></div>
<p>Is this an error stringifying problem or a problem in Wasmtime itself?</p>
</blockquote>



<a name="219113225"></a>
<h4><a href="https://bytecodealliance.zulipchat.com#narrow/stream/225357-git-wasmtime/topic/wasmtime%20/%20PR%20%232481%20Update%20spec%20tests/near/219113225" class="zl"><img src="https://bytecodealliance.github.io/zulip-archive/assets/img/zulip.svg" alt="view this post on Zulip" style="width:20px;height:20px;"></a> Wasmtime GitHub notifications bot <a href="https://bytecodealliance.github.io/zulip-archive/stream/225357-git-wasmtime/topic/wasmtime.20.2F.20PR.20.232481.20Update.20spec.20tests.html#219113225">(Dec 07 2020 at 17:49)</a>:</h4>
<p>abrown updated <a href="https://github.com/bytecodealliance/wasmtime/pull/2481">PR #2481</a> from <code>update-spec-tests</code> to <code>main</code>:</p>
<blockquote>
<p>This updates the Wasm spec tests to the commits at <a href="https://github.com/WebAssembly/testsuite/pull/37">https://github.com/WebAssembly/testsuite/pull/37</a>, which brings in some tests for new Wasm SIMD operations. Since the spec tesets have not been updated in a while, it brings in other changes, like those to <code>data.wast</code> which cause a failure:</p>
<div class="codehilite" data-code-language="Rust"><pre><span></span><code><span class="o">----</span><span class="w"> </span><span class="n">wast</span>::<span class="n">Cranelift</span>::<span class="n">spec</span>::<span class="n">data</span><span class="w"> </span><span class="n">stdout</span><span class="w"> </span><span class="o">----</span><span class="w"></span>
<span class="n">thread</span><span class="w"> </span><span class="o">'</span><span class="na">wast</span>::<span class="n">Cranelift</span>::<span class="n">spec</span>::<span class="n">data</span><span class="o">'</span><span class="w"> </span><span class="n">panicked</span><span class="w"> </span><span class="n">at</span><span class="w"> </span><span class="o">'</span><span class="na">called</span><span class="w"> </span><span class="err">`</span><span class="nb">Result</span>::<span class="n">unwrap</span><span class="p">()</span><span class="err">`</span><span class="w"> </span><span class="n">on</span><span class="w"> </span><span class="n">an</span><span class="w"> </span><span class="err">`</span><span class="nb">Err</span><span class="err">`</span><span class="w"> </span><span class="n">value</span>: <span class="nc">failed</span><span class="w"> </span><span class="n">directive</span><span class="w"> </span><span class="n">on</span><span class="w"> </span><span class="n">tests</span><span class="o">/</span><span class="n">spec_testsuite</span><span class="o">/</span><span class="n">data</span><span class="p">.</span><span class="n">wast</span>:<span class="mi">290</span>:<span class="mi">1</span><span class="w"></span>

<span class="n">Caused</span><span class="w"> </span><span class="n">by</span>:
    <span class="nc">assert_invalid</span>: <span class="nc">expected</span><span class="w"> </span><span class="s">"unknown memory 1"</span><span class="p">,</span><span class="w"> </span><span class="n">got</span><span class="w"> </span><span class="s">"WebAssembly failed to compile</span>

<span class="s">    Caused by:</span>
<span class="s">        0: WebAssembly translation error</span>
<span class="s">        1: Invalid input WebAssembly code at offset 21: Data segment extends past end of the data section"</span><span class="o">'</span><span class="p">,</span><span class="w"> </span><span class="o">/</span><span class="n">home</span><span class="o">/</span><span class="n">abrown</span><span class="o">/</span><span class="n">Code</span><span class="o">/</span><span class="n">wasmtime</span><span class="o">/</span><span class="n">target</span><span class="o">/</span><span class="n">debug</span><span class="o">/</span><span class="n">build</span><span class="o">/</span><span class="n">wasmtime</span><span class="o">-</span><span class="n">cli</span><span class="o">-</span><span class="mi">02</span><span class="n">b4b8fc65746038</span><span class="o">/</span><span class="n">out</span><span class="o">/</span><span class="n">wast_testsuite_tests</span><span class="p">.</span><span class="n">rs</span>:<span class="mi">470</span>:<span class="mi">14</span><span class="w"></span>

<span class="n">failures</span>:
    <span class="nc">wast</span>::<span class="n">Cranelift</span>::<span class="n">spec</span>::<span class="n">data</span><span class="w"></span>

<span class="n">test</span><span class="w"> </span><span class="n">result</span>: <span class="nc">FAILED</span><span class="p">.</span><span class="w"> </span><span class="mi">264</span><span class="w"> </span><span class="n">passed</span><span class="p">;</span><span class="w"> </span><span class="mi">1</span><span class="w"> </span><span class="n">failed</span><span class="p">;</span><span class="w"> </span><span class="mi">48</span><span class="w"> </span><span class="n">ignored</span><span class="p">;</span><span class="w"> </span><span class="mi">0</span><span class="w"> </span><span class="n">measured</span><span class="p">;</span><span class="w"> </span><span class="mi">0</span><span class="w"> </span><span class="n">filtered</span><span class="w"> </span><span class="n">out</span><span class="w"></span>
</code></pre></div>
<p>Is this an error stringifying problem or a problem in Wasmtime itself?</p>
</blockquote>



<a name="219114105"></a>
<h4><a href="https://bytecodealliance.zulipchat.com#narrow/stream/225357-git-wasmtime/topic/wasmtime%20/%20PR%20%232481%20Update%20spec%20tests/near/219114105" class="zl"><img src="https://bytecodealliance.github.io/zulip-archive/assets/img/zulip.svg" alt="view this post on Zulip" style="width:20px;height:20px;"></a> Wasmtime GitHub notifications bot <a href="https://bytecodealliance.github.io/zulip-archive/stream/225357-git-wasmtime/topic/wasmtime.20.2F.20PR.20.232481.20Update.20spec.20tests.html#219114105">(Dec 07 2020 at 17:56)</a>:</h4>
<p>abrown updated <a href="https://github.com/bytecodealliance/wasmtime/pull/2481">PR #2481</a> from <code>update-spec-tests</code> to <code>main</code>:</p>
<blockquote>
<p>This updates the Wasm spec tests to the commits at <a href="https://github.com/WebAssembly/testsuite/pull/37">https://github.com/WebAssembly/testsuite/pull/37</a>, which brings in some tests for new Wasm SIMD operations. Since the spec tesets have not been updated in a while, it brings in other changes, like those to <code>data.wast</code> which cause a failure:</p>
<div class="codehilite" data-code-language="Rust"><pre><span></span><code><span class="o">----</span><span class="w"> </span><span class="n">wast</span>::<span class="n">Cranelift</span>::<span class="n">spec</span>::<span class="n">data</span><span class="w"> </span><span class="n">stdout</span><span class="w"> </span><span class="o">----</span><span class="w"></span>
<span class="n">thread</span><span class="w"> </span><span class="o">'</span><span class="na">wast</span>::<span class="n">Cranelift</span>::<span class="n">spec</span>::<span class="n">data</span><span class="o">'</span><span class="w"> </span><span class="n">panicked</span><span class="w"> </span><span class="n">at</span><span class="w"> </span><span class="o">'</span><span class="na">called</span><span class="w"> </span><span class="err">`</span><span class="nb">Result</span>::<span class="n">unwrap</span><span class="p">()</span><span class="err">`</span><span class="w"> </span><span class="n">on</span><span class="w"> </span><span class="n">an</span><span class="w"> </span><span class="err">`</span><span class="nb">Err</span><span class="err">`</span><span class="w"> </span><span class="n">value</span>: <span class="nc">failed</span><span class="w"> </span><span class="n">directive</span><span class="w"> </span><span class="n">on</span><span class="w"> </span><span class="n">tests</span><span class="o">/</span><span class="n">spec_testsuite</span><span class="o">/</span><span class="n">data</span><span class="p">.</span><span class="n">wast</span>:<span class="mi">290</span>:<span class="mi">1</span><span class="w"></span>

<span class="n">Caused</span><span class="w"> </span><span class="n">by</span>:
    <span class="nc">assert_invalid</span>: <span class="nc">expected</span><span class="w"> </span><span class="s">"unknown memory 1"</span><span class="p">,</span><span class="w"> </span><span class="n">got</span><span class="w"> </span><span class="s">"WebAssembly failed to compile</span>

<span class="s">    Caused by:</span>
<span class="s">        0: WebAssembly translation error</span>
<span class="s">        1: Invalid input WebAssembly code at offset 21: Data segment extends past end of the data section"</span><span class="o">'</span><span class="p">,</span><span class="w"> </span><span class="o">/</span><span class="n">home</span><span class="o">/</span><span class="n">abrown</span><span class="o">/</span><span class="n">Code</span><span class="o">/</span><span class="n">wasmtime</span><span class="o">/</span><span class="n">target</span><span class="o">/</span><span class="n">debug</span><span class="o">/</span><span class="n">build</span><span class="o">/</span><span class="n">wasmtime</span><span class="o">-</span><span class="n">cli</span><span class="o">-</span><span class="mi">02</span><span class="n">b4b8fc65746038</span><span class="o">/</span><span class="n">out</span><span class="o">/</span><span class="n">wast_testsuite_tests</span><span class="p">.</span><span class="n">rs</span>:<span class="mi">470</span>:<span class="mi">14</span><span class="w"></span>

<span class="n">failures</span>:
    <span class="nc">wast</span>::<span class="n">Cranelift</span>::<span class="n">spec</span>::<span class="n">data</span><span class="w"></span>

<span class="n">test</span><span class="w"> </span><span class="n">result</span>: <span class="nc">FAILED</span><span class="p">.</span><span class="w"> </span><span class="mi">264</span><span class="w"> </span><span class="n">passed</span><span class="p">;</span><span class="w"> </span><span class="mi">1</span><span class="w"> </span><span class="n">failed</span><span class="p">;</span><span class="w"> </span><span class="mi">48</span><span class="w"> </span><span class="n">ignored</span><span class="p">;</span><span class="w"> </span><span class="mi">0</span><span class="w"> </span><span class="n">measured</span><span class="p">;</span><span class="w"> </span><span class="mi">0</span><span class="w"> </span><span class="n">filtered</span><span class="w"> </span><span class="n">out</span><span class="w"></span>
</code></pre></div>
<p>Is this an error stringifying problem or a problem in Wasmtime itself?</p>
</blockquote>



<a name="219122451"></a>
<h4><a href="https://bytecodealliance.zulipchat.com#narrow/stream/225357-git-wasmtime/topic/wasmtime%20/%20PR%20%232481%20Update%20spec%20tests/near/219122451" class="zl"><img src="https://bytecodealliance.github.io/zulip-archive/assets/img/zulip.svg" alt="view this post on Zulip" style="width:20px;height:20px;"></a> Wasmtime GitHub notifications bot <a href="https://bytecodealliance.github.io/zulip-archive/stream/225357-git-wasmtime/topic/wasmtime.20.2F.20PR.20.232481.20Update.20spec.20tests.html#219122451">(Dec 07 2020 at 18:59)</a>:</h4>
<p>abrown merged <a href="https://github.com/bytecodealliance/wasmtime/pull/2481">PR #2481</a>.</p>



<hr><p>Last updated: Jan 20 2025 at 06:04 UTC</p>
</html>