[
    {
        "content": "<p>abrown opened <a href=\"https://github.com/bytecodealliance/wasmtime/pull/2481\">PR #2481</a> from <code>update-spec-tests</code> to <code>main</code>:</p>\n<blockquote>\n<p>This updates the Wasm spec tests to the commits at <a href=\"https://github.com/WebAssembly/testsuite/pull/37\">https://github.com/WebAssembly/testsuite/pull/37</a>, which brings in some tests for new Wasm SIMD operations. Since this has not been updated in a while, it brings in other changes, like those to <code>data.wast</code> which cause a failure:</p>\n<div class=\"codehilite\" data-code-language=\"Rust\"><pre><span></span><code><span class=\"o\">----</span><span class=\"w\"> </span><span class=\"n\">wast</span>::<span class=\"n\">Cranelift</span>::<span class=\"n\">spec</span>::<span class=\"n\">data</span><span class=\"w\"> </span><span class=\"n\">stdout</span><span class=\"w\"> </span><span class=\"o\">----</span><span class=\"w\"></span>\n<span class=\"n\">thread</span><span class=\"w\"> </span><span class=\"o\">'</span><span class=\"na\">wast</span>::<span class=\"n\">Cranelift</span>::<span class=\"n\">spec</span>::<span class=\"n\">data</span><span class=\"o\">'</span><span class=\"w\"> </span><span class=\"n\">panicked</span><span class=\"w\"> </span><span class=\"n\">at</span><span class=\"w\"> </span><span class=\"o\">'</span><span class=\"na\">called</span><span class=\"w\"> </span><span class=\"err\">`</span><span class=\"nb\">Result</span>::<span class=\"n\">unwrap</span><span class=\"p\">()</span><span class=\"err\">`</span><span class=\"w\"> </span><span class=\"n\">on</span><span class=\"w\"> </span><span class=\"n\">an</span><span class=\"w\"> </span><span class=\"err\">`</span><span class=\"nb\">Err</span><span class=\"err\">`</span><span class=\"w\"> </span><span class=\"n\">value</span>: <span class=\"nc\">failed</span><span class=\"w\"> </span><span class=\"n\">directive</span><span class=\"w\"> </span><span class=\"n\">on</span><span class=\"w\"> </span><span class=\"n\">tests</span><span class=\"o\">/</span><span class=\"n\">spec_testsuite</span><span class=\"o\">/</span><span class=\"n\">data</span><span class=\"p\">.</span><span class=\"n\">wast</span>:<span class=\"mi\">290</span>:<span class=\"mi\">1</span><span class=\"w\"></span>\n\n<span class=\"n\">Caused</span><span class=\"w\"> </span><span class=\"n\">by</span>:\n    <span class=\"nc\">assert_invalid</span>: <span class=\"nc\">expected</span><span class=\"w\"> </span><span class=\"s\">\"unknown memory 1\"</span><span class=\"p\">,</span><span class=\"w\"> </span><span class=\"n\">got</span><span class=\"w\"> </span><span class=\"s\">\"WebAssembly failed to compile</span>\n\n<span class=\"s\">    Caused by:</span>\n<span class=\"s\">        0: WebAssembly translation error</span>\n<span class=\"s\">        1: Invalid input WebAssembly code at offset 21: Data segment extends past end of the data section\"</span><span class=\"o\">'</span><span class=\"p\">,</span><span class=\"w\"> </span><span class=\"o\">/</span><span class=\"n\">home</span><span class=\"o\">/</span><span class=\"n\">abrown</span><span class=\"o\">/</span><span class=\"n\">Code</span><span class=\"o\">/</span><span class=\"n\">wasmtime</span><span class=\"o\">/</span><span class=\"n\">target</span><span class=\"o\">/</span><span class=\"n\">debug</span><span class=\"o\">/</span><span class=\"n\">build</span><span class=\"o\">/</span><span class=\"n\">wasmtime</span><span class=\"o\">-</span><span class=\"n\">cli</span><span class=\"o\">-</span><span class=\"mi\">02</span><span class=\"n\">b4b8fc65746038</span><span class=\"o\">/</span><span class=\"n\">out</span><span class=\"o\">/</span><span class=\"n\">wast_testsuite_tests</span><span class=\"p\">.</span><span class=\"n\">rs</span>:<span class=\"mi\">470</span>:<span class=\"mi\">14</span><span class=\"w\"></span>\n\n<span class=\"n\">failures</span>:\n    <span class=\"nc\">wast</span>::<span class=\"n\">Cranelift</span>::<span class=\"n\">spec</span>::<span class=\"n\">data</span><span class=\"w\"></span>\n\n<span class=\"n\">test</span><span class=\"w\"> </span><span class=\"n\">result</span>: <span class=\"nc\">FAILED</span><span class=\"p\">.</span><span class=\"w\"> </span><span class=\"mi\">264</span><span class=\"w\"> </span><span class=\"n\">passed</span><span class=\"p\">;</span><span class=\"w\"> </span><span class=\"mi\">1</span><span class=\"w\"> </span><span class=\"n\">failed</span><span class=\"p\">;</span><span class=\"w\"> </span><span class=\"mi\">48</span><span class=\"w\"> </span><span class=\"n\">ignored</span><span class=\"p\">;</span><span class=\"w\"> </span><span class=\"mi\">0</span><span class=\"w\"> </span><span class=\"n\">measured</span><span class=\"p\">;</span><span class=\"w\"> </span><span class=\"mi\">0</span><span class=\"w\"> </span><span class=\"n\">filtered</span><span class=\"w\"> </span><span class=\"n\">out</span><span class=\"w\"></span>\n</code></pre></div>\n<p>Is this an error stringifying problem or a problem in Wasmtime?</p>\n</blockquote>",
        "id": 218905984,
        "sender_full_name": "Wasmtime GitHub notifications bot",
        "timestamp": 1607125974
    },
    {
        "content": "<p><strong>abrown</strong> requested <a href=\"https://github.com/fitzgen\">fitzgen</a> for a review on <a href=\"https://github.com/bytecodealliance/wasmtime/pull/2481\">PR #2481</a>.</p>",
        "id": 218905985,
        "sender_full_name": "Wasmtime GitHub notifications bot",
        "timestamp": 1607125974
    },
    {
        "content": "<p>abrown edited <a href=\"https://github.com/bytecodealliance/wasmtime/pull/2481\">PR #2481</a> from <code>update-spec-tests</code> to <code>main</code>:</p>\n<blockquote>\n<p>This updates the Wasm spec tests to the commits at <a href=\"https://github.com/WebAssembly/testsuite/pull/37\">https://github.com/WebAssembly/testsuite/pull/37</a>, which brings in some tests for new Wasm SIMD operations. Since the spec tesets have not been updated in a while, it brings in other changes, like those to <code>data.wast</code> which cause a failure:</p>\n<div class=\"codehilite\" data-code-language=\"Rust\"><pre><span></span><code><span class=\"o\">----</span><span class=\"w\"> </span><span class=\"n\">wast</span>::<span class=\"n\">Cranelift</span>::<span class=\"n\">spec</span>::<span class=\"n\">data</span><span class=\"w\"> </span><span class=\"n\">stdout</span><span class=\"w\"> </span><span class=\"o\">----</span><span class=\"w\"></span>\n<span class=\"n\">thread</span><span class=\"w\"> </span><span class=\"o\">'</span><span class=\"na\">wast</span>::<span class=\"n\">Cranelift</span>::<span class=\"n\">spec</span>::<span class=\"n\">data</span><span class=\"o\">'</span><span class=\"w\"> </span><span class=\"n\">panicked</span><span class=\"w\"> </span><span class=\"n\">at</span><span class=\"w\"> </span><span class=\"o\">'</span><span class=\"na\">called</span><span class=\"w\"> </span><span class=\"err\">`</span><span class=\"nb\">Result</span>::<span class=\"n\">unwrap</span><span class=\"p\">()</span><span class=\"err\">`</span><span class=\"w\"> </span><span class=\"n\">on</span><span class=\"w\"> </span><span class=\"n\">an</span><span class=\"w\"> </span><span class=\"err\">`</span><span class=\"nb\">Err</span><span class=\"err\">`</span><span class=\"w\"> </span><span class=\"n\">value</span>: <span class=\"nc\">failed</span><span class=\"w\"> </span><span class=\"n\">directive</span><span class=\"w\"> </span><span class=\"n\">on</span><span class=\"w\"> </span><span class=\"n\">tests</span><span class=\"o\">/</span><span class=\"n\">spec_testsuite</span><span class=\"o\">/</span><span class=\"n\">data</span><span class=\"p\">.</span><span class=\"n\">wast</span>:<span class=\"mi\">290</span>:<span class=\"mi\">1</span><span class=\"w\"></span>\n\n<span class=\"n\">Caused</span><span class=\"w\"> </span><span class=\"n\">by</span>:\n    <span class=\"nc\">assert_invalid</span>: <span class=\"nc\">expected</span><span class=\"w\"> </span><span class=\"s\">\"unknown memory 1\"</span><span class=\"p\">,</span><span class=\"w\"> </span><span class=\"n\">got</span><span class=\"w\"> </span><span class=\"s\">\"WebAssembly failed to compile</span>\n\n<span class=\"s\">    Caused by:</span>\n<span class=\"s\">        0: WebAssembly translation error</span>\n<span class=\"s\">        1: Invalid input WebAssembly code at offset 21: Data segment extends past end of the data section\"</span><span class=\"o\">'</span><span class=\"p\">,</span><span class=\"w\"> </span><span class=\"o\">/</span><span class=\"n\">home</span><span class=\"o\">/</span><span class=\"n\">abrown</span><span class=\"o\">/</span><span class=\"n\">Code</span><span class=\"o\">/</span><span class=\"n\">wasmtime</span><span class=\"o\">/</span><span class=\"n\">target</span><span class=\"o\">/</span><span class=\"n\">debug</span><span class=\"o\">/</span><span class=\"n\">build</span><span class=\"o\">/</span><span class=\"n\">wasmtime</span><span class=\"o\">-</span><span class=\"n\">cli</span><span class=\"o\">-</span><span class=\"mi\">02</span><span class=\"n\">b4b8fc65746038</span><span class=\"o\">/</span><span class=\"n\">out</span><span class=\"o\">/</span><span class=\"n\">wast_testsuite_tests</span><span class=\"p\">.</span><span class=\"n\">rs</span>:<span class=\"mi\">470</span>:<span class=\"mi\">14</span><span class=\"w\"></span>\n\n<span class=\"n\">failures</span>:\n    <span class=\"nc\">wast</span>::<span class=\"n\">Cranelift</span>::<span class=\"n\">spec</span>::<span class=\"n\">data</span><span class=\"w\"></span>\n\n<span class=\"n\">test</span><span class=\"w\"> </span><span class=\"n\">result</span>: <span class=\"nc\">FAILED</span><span class=\"p\">.</span><span class=\"w\"> </span><span class=\"mi\">264</span><span class=\"w\"> </span><span class=\"n\">passed</span><span class=\"p\">;</span><span class=\"w\"> </span><span class=\"mi\">1</span><span class=\"w\"> </span><span class=\"n\">failed</span><span class=\"p\">;</span><span class=\"w\"> </span><span class=\"mi\">48</span><span class=\"w\"> </span><span class=\"n\">ignored</span><span class=\"p\">;</span><span class=\"w\"> </span><span class=\"mi\">0</span><span class=\"w\"> </span><span class=\"n\">measured</span><span class=\"p\">;</span><span class=\"w\"> </span><span class=\"mi\">0</span><span class=\"w\"> </span><span class=\"n\">filtered</span><span class=\"w\"> </span><span class=\"n\">out</span><span class=\"w\"></span>\n</code></pre></div>\n<p>Is this an error stringifying problem or a problem in Wasmtime?</p>\n</blockquote>",
        "id": 218906000,
        "sender_full_name": "Wasmtime GitHub notifications bot",
        "timestamp": 1607126002
    },
    {
        "content": "<p>abrown edited <a href=\"https://github.com/bytecodealliance/wasmtime/pull/2481\">PR #2481</a> from <code>update-spec-tests</code> to <code>main</code>:</p>\n<blockquote>\n<p>This updates the Wasm spec tests to the commits at <a href=\"https://github.com/WebAssembly/testsuite/pull/37\">https://github.com/WebAssembly/testsuite/pull/37</a>, which brings in some tests for new Wasm SIMD operations. Since the spec tesets have not been updated in a while, it brings in other changes, like those to <code>data.wast</code> which cause a failure:</p>\n<div class=\"codehilite\" data-code-language=\"Rust\"><pre><span></span><code><span class=\"o\">----</span><span class=\"w\"> </span><span class=\"n\">wast</span>::<span class=\"n\">Cranelift</span>::<span class=\"n\">spec</span>::<span class=\"n\">data</span><span class=\"w\"> </span><span class=\"n\">stdout</span><span class=\"w\"> </span><span class=\"o\">----</span><span class=\"w\"></span>\n<span class=\"n\">thread</span><span class=\"w\"> </span><span class=\"o\">'</span><span class=\"na\">wast</span>::<span class=\"n\">Cranelift</span>::<span class=\"n\">spec</span>::<span class=\"n\">data</span><span class=\"o\">'</span><span class=\"w\"> </span><span class=\"n\">panicked</span><span class=\"w\"> </span><span class=\"n\">at</span><span class=\"w\"> </span><span class=\"o\">'</span><span class=\"na\">called</span><span class=\"w\"> </span><span class=\"err\">`</span><span class=\"nb\">Result</span>::<span class=\"n\">unwrap</span><span class=\"p\">()</span><span class=\"err\">`</span><span class=\"w\"> </span><span class=\"n\">on</span><span class=\"w\"> </span><span class=\"n\">an</span><span class=\"w\"> </span><span class=\"err\">`</span><span class=\"nb\">Err</span><span class=\"err\">`</span><span class=\"w\"> </span><span class=\"n\">value</span>: <span class=\"nc\">failed</span><span class=\"w\"> </span><span class=\"n\">directive</span><span class=\"w\"> </span><span class=\"n\">on</span><span class=\"w\"> </span><span class=\"n\">tests</span><span class=\"o\">/</span><span class=\"n\">spec_testsuite</span><span class=\"o\">/</span><span class=\"n\">data</span><span class=\"p\">.</span><span class=\"n\">wast</span>:<span class=\"mi\">290</span>:<span class=\"mi\">1</span><span class=\"w\"></span>\n\n<span class=\"n\">Caused</span><span class=\"w\"> </span><span class=\"n\">by</span>:\n    <span class=\"nc\">assert_invalid</span>: <span class=\"nc\">expected</span><span class=\"w\"> </span><span class=\"s\">\"unknown memory 1\"</span><span class=\"p\">,</span><span class=\"w\"> </span><span class=\"n\">got</span><span class=\"w\"> </span><span class=\"s\">\"WebAssembly failed to compile</span>\n\n<span class=\"s\">    Caused by:</span>\n<span class=\"s\">        0: WebAssembly translation error</span>\n<span class=\"s\">        1: Invalid input WebAssembly code at offset 21: Data segment extends past end of the data section\"</span><span class=\"o\">'</span><span class=\"p\">,</span><span class=\"w\"> </span><span class=\"o\">/</span><span class=\"n\">home</span><span class=\"o\">/</span><span class=\"n\">abrown</span><span class=\"o\">/</span><span class=\"n\">Code</span><span class=\"o\">/</span><span class=\"n\">wasmtime</span><span class=\"o\">/</span><span class=\"n\">target</span><span class=\"o\">/</span><span class=\"n\">debug</span><span class=\"o\">/</span><span class=\"n\">build</span><span class=\"o\">/</span><span class=\"n\">wasmtime</span><span class=\"o\">-</span><span class=\"n\">cli</span><span class=\"o\">-</span><span class=\"mi\">02</span><span class=\"n\">b4b8fc65746038</span><span class=\"o\">/</span><span class=\"n\">out</span><span class=\"o\">/</span><span class=\"n\">wast_testsuite_tests</span><span class=\"p\">.</span><span class=\"n\">rs</span>:<span class=\"mi\">470</span>:<span class=\"mi\">14</span><span class=\"w\"></span>\n\n<span class=\"n\">failures</span>:\n    <span class=\"nc\">wast</span>::<span class=\"n\">Cranelift</span>::<span class=\"n\">spec</span>::<span class=\"n\">data</span><span class=\"w\"></span>\n\n<span class=\"n\">test</span><span class=\"w\"> </span><span class=\"n\">result</span>: <span class=\"nc\">FAILED</span><span class=\"p\">.</span><span class=\"w\"> </span><span class=\"mi\">264</span><span class=\"w\"> </span><span class=\"n\">passed</span><span class=\"p\">;</span><span class=\"w\"> </span><span class=\"mi\">1</span><span class=\"w\"> </span><span class=\"n\">failed</span><span class=\"p\">;</span><span class=\"w\"> </span><span class=\"mi\">48</span><span class=\"w\"> </span><span class=\"n\">ignored</span><span class=\"p\">;</span><span class=\"w\"> </span><span class=\"mi\">0</span><span class=\"w\"> </span><span class=\"n\">measured</span><span class=\"p\">;</span><span class=\"w\"> </span><span class=\"mi\">0</span><span class=\"w\"> </span><span class=\"n\">filtered</span><span class=\"w\"> </span><span class=\"n\">out</span><span class=\"w\"></span>\n</code></pre></div>\n<p>Is this an error stringifying problem or a problem in Wasmtime itself?</p>\n</blockquote>",
        "id": 218906018,
        "sender_full_name": "Wasmtime GitHub notifications bot",
        "timestamp": 1607126028
    },
    {
        "content": "<p>fitzgen submitted <a href=\"https://github.com/bytecodealliance/wasmtime/pull/2481#pullrequestreview-546317764\">PR Review</a>.</p>",
        "id": 219102245,
        "sender_full_name": "Wasmtime GitHub notifications bot",
        "timestamp": 1607358519
    },
    {
        "content": "<p>fitzgen submitted <a href=\"https://github.com/bytecodealliance/wasmtime/pull/2481#pullrequestreview-546318098\">PR Review</a>.</p>",
        "id": 219102282,
        "sender_full_name": "Wasmtime GitHub notifications bot",
        "timestamp": 1607358538
    },
    {
        "content": "<p>abrown updated <a href=\"https://github.com/bytecodealliance/wasmtime/pull/2481\">PR #2481</a> from <code>update-spec-tests</code> to <code>main</code>:</p>\n<blockquote>\n<p>This updates the Wasm spec tests to the commits at <a href=\"https://github.com/WebAssembly/testsuite/pull/37\">https://github.com/WebAssembly/testsuite/pull/37</a>, which brings in some tests for new Wasm SIMD operations. Since the spec tesets have not been updated in a while, it brings in other changes, like those to <code>data.wast</code> which cause a failure:</p>\n<div class=\"codehilite\" data-code-language=\"Rust\"><pre><span></span><code><span class=\"o\">----</span><span class=\"w\"> </span><span class=\"n\">wast</span>::<span class=\"n\">Cranelift</span>::<span class=\"n\">spec</span>::<span class=\"n\">data</span><span class=\"w\"> </span><span class=\"n\">stdout</span><span class=\"w\"> </span><span class=\"o\">----</span><span class=\"w\"></span>\n<span class=\"n\">thread</span><span class=\"w\"> </span><span class=\"o\">'</span><span class=\"na\">wast</span>::<span class=\"n\">Cranelift</span>::<span class=\"n\">spec</span>::<span class=\"n\">data</span><span class=\"o\">'</span><span class=\"w\"> </span><span class=\"n\">panicked</span><span class=\"w\"> </span><span class=\"n\">at</span><span class=\"w\"> </span><span class=\"o\">'</span><span class=\"na\">called</span><span class=\"w\"> </span><span class=\"err\">`</span><span class=\"nb\">Result</span>::<span class=\"n\">unwrap</span><span class=\"p\">()</span><span class=\"err\">`</span><span class=\"w\"> </span><span class=\"n\">on</span><span class=\"w\"> </span><span class=\"n\">an</span><span class=\"w\"> </span><span class=\"err\">`</span><span class=\"nb\">Err</span><span class=\"err\">`</span><span class=\"w\"> </span><span class=\"n\">value</span>: <span class=\"nc\">failed</span><span class=\"w\"> </span><span class=\"n\">directive</span><span class=\"w\"> </span><span class=\"n\">on</span><span class=\"w\"> </span><span class=\"n\">tests</span><span class=\"o\">/</span><span class=\"n\">spec_testsuite</span><span class=\"o\">/</span><span class=\"n\">data</span><span class=\"p\">.</span><span class=\"n\">wast</span>:<span class=\"mi\">290</span>:<span class=\"mi\">1</span><span class=\"w\"></span>\n\n<span class=\"n\">Caused</span><span class=\"w\"> </span><span class=\"n\">by</span>:\n    <span class=\"nc\">assert_invalid</span>: <span class=\"nc\">expected</span><span class=\"w\"> </span><span class=\"s\">\"unknown memory 1\"</span><span class=\"p\">,</span><span class=\"w\"> </span><span class=\"n\">got</span><span class=\"w\"> </span><span class=\"s\">\"WebAssembly failed to compile</span>\n\n<span class=\"s\">    Caused by:</span>\n<span class=\"s\">        0: WebAssembly translation error</span>\n<span class=\"s\">        1: Invalid input WebAssembly code at offset 21: Data segment extends past end of the data section\"</span><span class=\"o\">'</span><span class=\"p\">,</span><span class=\"w\"> </span><span class=\"o\">/</span><span class=\"n\">home</span><span class=\"o\">/</span><span class=\"n\">abrown</span><span class=\"o\">/</span><span class=\"n\">Code</span><span class=\"o\">/</span><span class=\"n\">wasmtime</span><span class=\"o\">/</span><span class=\"n\">target</span><span class=\"o\">/</span><span class=\"n\">debug</span><span class=\"o\">/</span><span class=\"n\">build</span><span class=\"o\">/</span><span class=\"n\">wasmtime</span><span class=\"o\">-</span><span class=\"n\">cli</span><span class=\"o\">-</span><span class=\"mi\">02</span><span class=\"n\">b4b8fc65746038</span><span class=\"o\">/</span><span class=\"n\">out</span><span class=\"o\">/</span><span class=\"n\">wast_testsuite_tests</span><span class=\"p\">.</span><span class=\"n\">rs</span>:<span class=\"mi\">470</span>:<span class=\"mi\">14</span><span class=\"w\"></span>\n\n<span class=\"n\">failures</span>:\n    <span class=\"nc\">wast</span>::<span class=\"n\">Cranelift</span>::<span class=\"n\">spec</span>::<span class=\"n\">data</span><span class=\"w\"></span>\n\n<span class=\"n\">test</span><span class=\"w\"> </span><span class=\"n\">result</span>: <span class=\"nc\">FAILED</span><span class=\"p\">.</span><span class=\"w\"> </span><span class=\"mi\">264</span><span class=\"w\"> </span><span class=\"n\">passed</span><span class=\"p\">;</span><span class=\"w\"> </span><span class=\"mi\">1</span><span class=\"w\"> </span><span class=\"n\">failed</span><span class=\"p\">;</span><span class=\"w\"> </span><span class=\"mi\">48</span><span class=\"w\"> </span><span class=\"n\">ignored</span><span class=\"p\">;</span><span class=\"w\"> </span><span class=\"mi\">0</span><span class=\"w\"> </span><span class=\"n\">measured</span><span class=\"p\">;</span><span class=\"w\"> </span><span class=\"mi\">0</span><span class=\"w\"> </span><span class=\"n\">filtered</span><span class=\"w\"> </span><span class=\"n\">out</span><span class=\"w\"></span>\n</code></pre></div>\n<p>Is this an error stringifying problem or a problem in Wasmtime itself?</p>\n</blockquote>",
        "id": 219109371,
        "sender_full_name": "Wasmtime GitHub notifications bot",
        "timestamp": 1607361661
    },
    {
        "content": "<p>abrown updated <a href=\"https://github.com/bytecodealliance/wasmtime/pull/2481\">PR #2481</a> from <code>update-spec-tests</code> to <code>main</code>:</p>\n<blockquote>\n<p>This updates the Wasm spec tests to the commits at <a href=\"https://github.com/WebAssembly/testsuite/pull/37\">https://github.com/WebAssembly/testsuite/pull/37</a>, which brings in some tests for new Wasm SIMD operations. Since the spec tesets have not been updated in a while, it brings in other changes, like those to <code>data.wast</code> which cause a failure:</p>\n<div class=\"codehilite\" data-code-language=\"Rust\"><pre><span></span><code><span class=\"o\">----</span><span class=\"w\"> </span><span class=\"n\">wast</span>::<span class=\"n\">Cranelift</span>::<span class=\"n\">spec</span>::<span class=\"n\">data</span><span class=\"w\"> </span><span class=\"n\">stdout</span><span class=\"w\"> </span><span class=\"o\">----</span><span class=\"w\"></span>\n<span class=\"n\">thread</span><span class=\"w\"> </span><span class=\"o\">'</span><span class=\"na\">wast</span>::<span class=\"n\">Cranelift</span>::<span class=\"n\">spec</span>::<span class=\"n\">data</span><span class=\"o\">'</span><span class=\"w\"> </span><span class=\"n\">panicked</span><span class=\"w\"> </span><span class=\"n\">at</span><span class=\"w\"> </span><span class=\"o\">'</span><span class=\"na\">called</span><span class=\"w\"> </span><span class=\"err\">`</span><span class=\"nb\">Result</span>::<span class=\"n\">unwrap</span><span class=\"p\">()</span><span class=\"err\">`</span><span class=\"w\"> </span><span class=\"n\">on</span><span class=\"w\"> </span><span class=\"n\">an</span><span class=\"w\"> </span><span class=\"err\">`</span><span class=\"nb\">Err</span><span class=\"err\">`</span><span class=\"w\"> </span><span class=\"n\">value</span>: <span class=\"nc\">failed</span><span class=\"w\"> </span><span class=\"n\">directive</span><span class=\"w\"> </span><span class=\"n\">on</span><span class=\"w\"> </span><span class=\"n\">tests</span><span class=\"o\">/</span><span class=\"n\">spec_testsuite</span><span class=\"o\">/</span><span class=\"n\">data</span><span class=\"p\">.</span><span class=\"n\">wast</span>:<span class=\"mi\">290</span>:<span class=\"mi\">1</span><span class=\"w\"></span>\n\n<span class=\"n\">Caused</span><span class=\"w\"> </span><span class=\"n\">by</span>:\n    <span class=\"nc\">assert_invalid</span>: <span class=\"nc\">expected</span><span class=\"w\"> </span><span class=\"s\">\"unknown memory 1\"</span><span class=\"p\">,</span><span class=\"w\"> </span><span class=\"n\">got</span><span class=\"w\"> </span><span class=\"s\">\"WebAssembly failed to compile</span>\n\n<span class=\"s\">    Caused by:</span>\n<span class=\"s\">        0: WebAssembly translation error</span>\n<span class=\"s\">        1: Invalid input WebAssembly code at offset 21: Data segment extends past end of the data section\"</span><span class=\"o\">'</span><span class=\"p\">,</span><span class=\"w\"> </span><span class=\"o\">/</span><span class=\"n\">home</span><span class=\"o\">/</span><span class=\"n\">abrown</span><span class=\"o\">/</span><span class=\"n\">Code</span><span class=\"o\">/</span><span class=\"n\">wasmtime</span><span class=\"o\">/</span><span class=\"n\">target</span><span class=\"o\">/</span><span class=\"n\">debug</span><span class=\"o\">/</span><span class=\"n\">build</span><span class=\"o\">/</span><span class=\"n\">wasmtime</span><span class=\"o\">-</span><span class=\"n\">cli</span><span class=\"o\">-</span><span class=\"mi\">02</span><span class=\"n\">b4b8fc65746038</span><span class=\"o\">/</span><span class=\"n\">out</span><span class=\"o\">/</span><span class=\"n\">wast_testsuite_tests</span><span class=\"p\">.</span><span class=\"n\">rs</span>:<span class=\"mi\">470</span>:<span class=\"mi\">14</span><span class=\"w\"></span>\n\n<span class=\"n\">failures</span>:\n    <span class=\"nc\">wast</span>::<span class=\"n\">Cranelift</span>::<span class=\"n\">spec</span>::<span class=\"n\">data</span><span class=\"w\"></span>\n\n<span class=\"n\">test</span><span class=\"w\"> </span><span class=\"n\">result</span>: <span class=\"nc\">FAILED</span><span class=\"p\">.</span><span class=\"w\"> </span><span class=\"mi\">264</span><span class=\"w\"> </span><span class=\"n\">passed</span><span class=\"p\">;</span><span class=\"w\"> </span><span class=\"mi\">1</span><span class=\"w\"> </span><span class=\"n\">failed</span><span class=\"p\">;</span><span class=\"w\"> </span><span class=\"mi\">48</span><span class=\"w\"> </span><span class=\"n\">ignored</span><span class=\"p\">;</span><span class=\"w\"> </span><span class=\"mi\">0</span><span class=\"w\"> </span><span class=\"n\">measured</span><span class=\"p\">;</span><span class=\"w\"> </span><span class=\"mi\">0</span><span class=\"w\"> </span><span class=\"n\">filtered</span><span class=\"w\"> </span><span class=\"n\">out</span><span class=\"w\"></span>\n</code></pre></div>\n<p>Is this an error stringifying problem or a problem in Wasmtime itself?</p>\n</blockquote>",
        "id": 219111522,
        "sender_full_name": "Wasmtime GitHub notifications bot",
        "timestamp": 1607362627
    },
    {
        "content": "<p>abrown updated <a href=\"https://github.com/bytecodealliance/wasmtime/pull/2481\">PR #2481</a> from <code>update-spec-tests</code> to <code>main</code>:</p>\n<blockquote>\n<p>This updates the Wasm spec tests to the commits at <a href=\"https://github.com/WebAssembly/testsuite/pull/37\">https://github.com/WebAssembly/testsuite/pull/37</a>, which brings in some tests for new Wasm SIMD operations. Since the spec tesets have not been updated in a while, it brings in other changes, like those to <code>data.wast</code> which cause a failure:</p>\n<div class=\"codehilite\" data-code-language=\"Rust\"><pre><span></span><code><span class=\"o\">----</span><span class=\"w\"> </span><span class=\"n\">wast</span>::<span class=\"n\">Cranelift</span>::<span class=\"n\">spec</span>::<span class=\"n\">data</span><span class=\"w\"> </span><span class=\"n\">stdout</span><span class=\"w\"> </span><span class=\"o\">----</span><span class=\"w\"></span>\n<span class=\"n\">thread</span><span class=\"w\"> </span><span class=\"o\">'</span><span class=\"na\">wast</span>::<span class=\"n\">Cranelift</span>::<span class=\"n\">spec</span>::<span class=\"n\">data</span><span class=\"o\">'</span><span class=\"w\"> </span><span class=\"n\">panicked</span><span class=\"w\"> </span><span class=\"n\">at</span><span class=\"w\"> </span><span class=\"o\">'</span><span class=\"na\">called</span><span class=\"w\"> </span><span class=\"err\">`</span><span class=\"nb\">Result</span>::<span class=\"n\">unwrap</span><span class=\"p\">()</span><span class=\"err\">`</span><span class=\"w\"> </span><span class=\"n\">on</span><span class=\"w\"> </span><span class=\"n\">an</span><span class=\"w\"> </span><span class=\"err\">`</span><span class=\"nb\">Err</span><span class=\"err\">`</span><span class=\"w\"> </span><span class=\"n\">value</span>: <span class=\"nc\">failed</span><span class=\"w\"> </span><span class=\"n\">directive</span><span class=\"w\"> </span><span class=\"n\">on</span><span class=\"w\"> </span><span class=\"n\">tests</span><span class=\"o\">/</span><span class=\"n\">spec_testsuite</span><span class=\"o\">/</span><span class=\"n\">data</span><span class=\"p\">.</span><span class=\"n\">wast</span>:<span class=\"mi\">290</span>:<span class=\"mi\">1</span><span class=\"w\"></span>\n\n<span class=\"n\">Caused</span><span class=\"w\"> </span><span class=\"n\">by</span>:\n    <span class=\"nc\">assert_invalid</span>: <span class=\"nc\">expected</span><span class=\"w\"> </span><span class=\"s\">\"unknown memory 1\"</span><span class=\"p\">,</span><span class=\"w\"> </span><span class=\"n\">got</span><span class=\"w\"> </span><span class=\"s\">\"WebAssembly failed to compile</span>\n\n<span class=\"s\">    Caused by:</span>\n<span class=\"s\">        0: WebAssembly translation error</span>\n<span class=\"s\">        1: Invalid input WebAssembly code at offset 21: Data segment extends past end of the data section\"</span><span class=\"o\">'</span><span class=\"p\">,</span><span class=\"w\"> </span><span class=\"o\">/</span><span class=\"n\">home</span><span class=\"o\">/</span><span class=\"n\">abrown</span><span class=\"o\">/</span><span class=\"n\">Code</span><span class=\"o\">/</span><span class=\"n\">wasmtime</span><span class=\"o\">/</span><span class=\"n\">target</span><span class=\"o\">/</span><span class=\"n\">debug</span><span class=\"o\">/</span><span class=\"n\">build</span><span class=\"o\">/</span><span class=\"n\">wasmtime</span><span class=\"o\">-</span><span class=\"n\">cli</span><span class=\"o\">-</span><span class=\"mi\">02</span><span class=\"n\">b4b8fc65746038</span><span class=\"o\">/</span><span class=\"n\">out</span><span class=\"o\">/</span><span class=\"n\">wast_testsuite_tests</span><span class=\"p\">.</span><span class=\"n\">rs</span>:<span class=\"mi\">470</span>:<span class=\"mi\">14</span><span class=\"w\"></span>\n\n<span class=\"n\">failures</span>:\n    <span class=\"nc\">wast</span>::<span class=\"n\">Cranelift</span>::<span class=\"n\">spec</span>::<span class=\"n\">data</span><span class=\"w\"></span>\n\n<span class=\"n\">test</span><span class=\"w\"> </span><span class=\"n\">result</span>: <span class=\"nc\">FAILED</span><span class=\"p\">.</span><span class=\"w\"> </span><span class=\"mi\">264</span><span class=\"w\"> </span><span class=\"n\">passed</span><span class=\"p\">;</span><span class=\"w\"> </span><span class=\"mi\">1</span><span class=\"w\"> </span><span class=\"n\">failed</span><span class=\"p\">;</span><span class=\"w\"> </span><span class=\"mi\">48</span><span class=\"w\"> </span><span class=\"n\">ignored</span><span class=\"p\">;</span><span class=\"w\"> </span><span class=\"mi\">0</span><span class=\"w\"> </span><span class=\"n\">measured</span><span class=\"p\">;</span><span class=\"w\"> </span><span class=\"mi\">0</span><span class=\"w\"> </span><span class=\"n\">filtered</span><span class=\"w\"> </span><span class=\"n\">out</span><span class=\"w\"></span>\n</code></pre></div>\n<p>Is this an error stringifying problem or a problem in Wasmtime itself?</p>\n</blockquote>",
        "id": 219111862,
        "sender_full_name": "Wasmtime GitHub notifications bot",
        "timestamp": 1607362784
    },
    {
        "content": "<p>abrown updated <a href=\"https://github.com/bytecodealliance/wasmtime/pull/2481\">PR #2481</a> from <code>update-spec-tests</code> to <code>main</code>:</p>\n<blockquote>\n<p>This updates the Wasm spec tests to the commits at <a href=\"https://github.com/WebAssembly/testsuite/pull/37\">https://github.com/WebAssembly/testsuite/pull/37</a>, which brings in some tests for new Wasm SIMD operations. Since the spec tesets have not been updated in a while, it brings in other changes, like those to <code>data.wast</code> which cause a failure:</p>\n<div class=\"codehilite\" data-code-language=\"Rust\"><pre><span></span><code><span class=\"o\">----</span><span class=\"w\"> </span><span class=\"n\">wast</span>::<span class=\"n\">Cranelift</span>::<span class=\"n\">spec</span>::<span class=\"n\">data</span><span class=\"w\"> </span><span class=\"n\">stdout</span><span class=\"w\"> </span><span class=\"o\">----</span><span class=\"w\"></span>\n<span class=\"n\">thread</span><span class=\"w\"> </span><span class=\"o\">'</span><span class=\"na\">wast</span>::<span class=\"n\">Cranelift</span>::<span class=\"n\">spec</span>::<span class=\"n\">data</span><span class=\"o\">'</span><span class=\"w\"> </span><span class=\"n\">panicked</span><span class=\"w\"> </span><span class=\"n\">at</span><span class=\"w\"> </span><span class=\"o\">'</span><span class=\"na\">called</span><span class=\"w\"> </span><span class=\"err\">`</span><span class=\"nb\">Result</span>::<span class=\"n\">unwrap</span><span class=\"p\">()</span><span class=\"err\">`</span><span class=\"w\"> </span><span class=\"n\">on</span><span class=\"w\"> </span><span class=\"n\">an</span><span class=\"w\"> </span><span class=\"err\">`</span><span class=\"nb\">Err</span><span class=\"err\">`</span><span class=\"w\"> </span><span class=\"n\">value</span>: <span class=\"nc\">failed</span><span class=\"w\"> </span><span class=\"n\">directive</span><span class=\"w\"> </span><span class=\"n\">on</span><span class=\"w\"> </span><span class=\"n\">tests</span><span class=\"o\">/</span><span class=\"n\">spec_testsuite</span><span class=\"o\">/</span><span class=\"n\">data</span><span class=\"p\">.</span><span class=\"n\">wast</span>:<span class=\"mi\">290</span>:<span class=\"mi\">1</span><span class=\"w\"></span>\n\n<span class=\"n\">Caused</span><span class=\"w\"> </span><span class=\"n\">by</span>:\n    <span class=\"nc\">assert_invalid</span>: <span class=\"nc\">expected</span><span class=\"w\"> </span><span class=\"s\">\"unknown memory 1\"</span><span class=\"p\">,</span><span class=\"w\"> </span><span class=\"n\">got</span><span class=\"w\"> </span><span class=\"s\">\"WebAssembly failed to compile</span>\n\n<span class=\"s\">    Caused by:</span>\n<span class=\"s\">        0: WebAssembly translation error</span>\n<span class=\"s\">        1: Invalid input WebAssembly code at offset 21: Data segment extends past end of the data section\"</span><span class=\"o\">'</span><span class=\"p\">,</span><span class=\"w\"> </span><span class=\"o\">/</span><span class=\"n\">home</span><span class=\"o\">/</span><span class=\"n\">abrown</span><span class=\"o\">/</span><span class=\"n\">Code</span><span class=\"o\">/</span><span class=\"n\">wasmtime</span><span class=\"o\">/</span><span class=\"n\">target</span><span class=\"o\">/</span><span class=\"n\">debug</span><span class=\"o\">/</span><span class=\"n\">build</span><span class=\"o\">/</span><span class=\"n\">wasmtime</span><span class=\"o\">-</span><span class=\"n\">cli</span><span class=\"o\">-</span><span class=\"mi\">02</span><span class=\"n\">b4b8fc65746038</span><span class=\"o\">/</span><span class=\"n\">out</span><span class=\"o\">/</span><span class=\"n\">wast_testsuite_tests</span><span class=\"p\">.</span><span class=\"n\">rs</span>:<span class=\"mi\">470</span>:<span class=\"mi\">14</span><span class=\"w\"></span>\n\n<span class=\"n\">failures</span>:\n    <span class=\"nc\">wast</span>::<span class=\"n\">Cranelift</span>::<span class=\"n\">spec</span>::<span class=\"n\">data</span><span class=\"w\"></span>\n\n<span class=\"n\">test</span><span class=\"w\"> </span><span class=\"n\">result</span>: <span class=\"nc\">FAILED</span><span class=\"p\">.</span><span class=\"w\"> </span><span class=\"mi\">264</span><span class=\"w\"> </span><span class=\"n\">passed</span><span class=\"p\">;</span><span class=\"w\"> </span><span class=\"mi\">1</span><span class=\"w\"> </span><span class=\"n\">failed</span><span class=\"p\">;</span><span class=\"w\"> </span><span class=\"mi\">48</span><span class=\"w\"> </span><span class=\"n\">ignored</span><span class=\"p\">;</span><span class=\"w\"> </span><span class=\"mi\">0</span><span class=\"w\"> </span><span class=\"n\">measured</span><span class=\"p\">;</span><span class=\"w\"> </span><span class=\"mi\">0</span><span class=\"w\"> </span><span class=\"n\">filtered</span><span class=\"w\"> </span><span class=\"n\">out</span><span class=\"w\"></span>\n</code></pre></div>\n<p>Is this an error stringifying problem or a problem in Wasmtime itself?</p>\n</blockquote>",
        "id": 219112115,
        "sender_full_name": "Wasmtime GitHub notifications bot",
        "timestamp": 1607362899
    },
    {
        "content": "<p>abrown updated <a href=\"https://github.com/bytecodealliance/wasmtime/pull/2481\">PR #2481</a> from <code>update-spec-tests</code> to <code>main</code>:</p>\n<blockquote>\n<p>This updates the Wasm spec tests to the commits at <a href=\"https://github.com/WebAssembly/testsuite/pull/37\">https://github.com/WebAssembly/testsuite/pull/37</a>, which brings in some tests for new Wasm SIMD operations. Since the spec tesets have not been updated in a while, it brings in other changes, like those to <code>data.wast</code> which cause a failure:</p>\n<div class=\"codehilite\" data-code-language=\"Rust\"><pre><span></span><code><span class=\"o\">----</span><span class=\"w\"> </span><span class=\"n\">wast</span>::<span class=\"n\">Cranelift</span>::<span class=\"n\">spec</span>::<span class=\"n\">data</span><span class=\"w\"> </span><span class=\"n\">stdout</span><span class=\"w\"> </span><span class=\"o\">----</span><span class=\"w\"></span>\n<span class=\"n\">thread</span><span class=\"w\"> </span><span class=\"o\">'</span><span class=\"na\">wast</span>::<span class=\"n\">Cranelift</span>::<span class=\"n\">spec</span>::<span class=\"n\">data</span><span class=\"o\">'</span><span class=\"w\"> </span><span class=\"n\">panicked</span><span class=\"w\"> </span><span class=\"n\">at</span><span class=\"w\"> </span><span class=\"o\">'</span><span class=\"na\">called</span><span class=\"w\"> </span><span class=\"err\">`</span><span class=\"nb\">Result</span>::<span class=\"n\">unwrap</span><span class=\"p\">()</span><span class=\"err\">`</span><span class=\"w\"> </span><span class=\"n\">on</span><span class=\"w\"> </span><span class=\"n\">an</span><span class=\"w\"> </span><span class=\"err\">`</span><span class=\"nb\">Err</span><span class=\"err\">`</span><span class=\"w\"> </span><span class=\"n\">value</span>: <span class=\"nc\">failed</span><span class=\"w\"> </span><span class=\"n\">directive</span><span class=\"w\"> </span><span class=\"n\">on</span><span class=\"w\"> </span><span class=\"n\">tests</span><span class=\"o\">/</span><span class=\"n\">spec_testsuite</span><span class=\"o\">/</span><span class=\"n\">data</span><span class=\"p\">.</span><span class=\"n\">wast</span>:<span class=\"mi\">290</span>:<span class=\"mi\">1</span><span class=\"w\"></span>\n\n<span class=\"n\">Caused</span><span class=\"w\"> </span><span class=\"n\">by</span>:\n    <span class=\"nc\">assert_invalid</span>: <span class=\"nc\">expected</span><span class=\"w\"> </span><span class=\"s\">\"unknown memory 1\"</span><span class=\"p\">,</span><span class=\"w\"> </span><span class=\"n\">got</span><span class=\"w\"> </span><span class=\"s\">\"WebAssembly failed to compile</span>\n\n<span class=\"s\">    Caused by:</span>\n<span class=\"s\">        0: WebAssembly translation error</span>\n<span class=\"s\">        1: Invalid input WebAssembly code at offset 21: Data segment extends past end of the data section\"</span><span class=\"o\">'</span><span class=\"p\">,</span><span class=\"w\"> </span><span class=\"o\">/</span><span class=\"n\">home</span><span class=\"o\">/</span><span class=\"n\">abrown</span><span class=\"o\">/</span><span class=\"n\">Code</span><span class=\"o\">/</span><span class=\"n\">wasmtime</span><span class=\"o\">/</span><span class=\"n\">target</span><span class=\"o\">/</span><span class=\"n\">debug</span><span class=\"o\">/</span><span class=\"n\">build</span><span class=\"o\">/</span><span class=\"n\">wasmtime</span><span class=\"o\">-</span><span class=\"n\">cli</span><span class=\"o\">-</span><span class=\"mi\">02</span><span class=\"n\">b4b8fc65746038</span><span class=\"o\">/</span><span class=\"n\">out</span><span class=\"o\">/</span><span class=\"n\">wast_testsuite_tests</span><span class=\"p\">.</span><span class=\"n\">rs</span>:<span class=\"mi\">470</span>:<span class=\"mi\">14</span><span class=\"w\"></span>\n\n<span class=\"n\">failures</span>:\n    <span class=\"nc\">wast</span>::<span class=\"n\">Cranelift</span>::<span class=\"n\">spec</span>::<span class=\"n\">data</span><span class=\"w\"></span>\n\n<span class=\"n\">test</span><span class=\"w\"> </span><span class=\"n\">result</span>: <span class=\"nc\">FAILED</span><span class=\"p\">.</span><span class=\"w\"> </span><span class=\"mi\">264</span><span class=\"w\"> </span><span class=\"n\">passed</span><span class=\"p\">;</span><span class=\"w\"> </span><span class=\"mi\">1</span><span class=\"w\"> </span><span class=\"n\">failed</span><span class=\"p\">;</span><span class=\"w\"> </span><span class=\"mi\">48</span><span class=\"w\"> </span><span class=\"n\">ignored</span><span class=\"p\">;</span><span class=\"w\"> </span><span class=\"mi\">0</span><span class=\"w\"> </span><span class=\"n\">measured</span><span class=\"p\">;</span><span class=\"w\"> </span><span class=\"mi\">0</span><span class=\"w\"> </span><span class=\"n\">filtered</span><span class=\"w\"> </span><span class=\"n\">out</span><span class=\"w\"></span>\n</code></pre></div>\n<p>Is this an error stringifying problem or a problem in Wasmtime itself?</p>\n</blockquote>",
        "id": 219113225,
        "sender_full_name": "Wasmtime GitHub notifications bot",
        "timestamp": 1607363377
    },
    {
        "content": "<p>abrown updated <a href=\"https://github.com/bytecodealliance/wasmtime/pull/2481\">PR #2481</a> from <code>update-spec-tests</code> to <code>main</code>:</p>\n<blockquote>\n<p>This updates the Wasm spec tests to the commits at <a href=\"https://github.com/WebAssembly/testsuite/pull/37\">https://github.com/WebAssembly/testsuite/pull/37</a>, which brings in some tests for new Wasm SIMD operations. Since the spec tesets have not been updated in a while, it brings in other changes, like those to <code>data.wast</code> which cause a failure:</p>\n<div class=\"codehilite\" data-code-language=\"Rust\"><pre><span></span><code><span class=\"o\">----</span><span class=\"w\"> </span><span class=\"n\">wast</span>::<span class=\"n\">Cranelift</span>::<span class=\"n\">spec</span>::<span class=\"n\">data</span><span class=\"w\"> </span><span class=\"n\">stdout</span><span class=\"w\"> </span><span class=\"o\">----</span><span class=\"w\"></span>\n<span class=\"n\">thread</span><span class=\"w\"> </span><span class=\"o\">'</span><span class=\"na\">wast</span>::<span class=\"n\">Cranelift</span>::<span class=\"n\">spec</span>::<span class=\"n\">data</span><span class=\"o\">'</span><span class=\"w\"> </span><span class=\"n\">panicked</span><span class=\"w\"> </span><span class=\"n\">at</span><span class=\"w\"> </span><span class=\"o\">'</span><span class=\"na\">called</span><span class=\"w\"> </span><span class=\"err\">`</span><span class=\"nb\">Result</span>::<span class=\"n\">unwrap</span><span class=\"p\">()</span><span class=\"err\">`</span><span class=\"w\"> </span><span class=\"n\">on</span><span class=\"w\"> </span><span class=\"n\">an</span><span class=\"w\"> </span><span class=\"err\">`</span><span class=\"nb\">Err</span><span class=\"err\">`</span><span class=\"w\"> </span><span class=\"n\">value</span>: <span class=\"nc\">failed</span><span class=\"w\"> </span><span class=\"n\">directive</span><span class=\"w\"> </span><span class=\"n\">on</span><span class=\"w\"> </span><span class=\"n\">tests</span><span class=\"o\">/</span><span class=\"n\">spec_testsuite</span><span class=\"o\">/</span><span class=\"n\">data</span><span class=\"p\">.</span><span class=\"n\">wast</span>:<span class=\"mi\">290</span>:<span class=\"mi\">1</span><span class=\"w\"></span>\n\n<span class=\"n\">Caused</span><span class=\"w\"> </span><span class=\"n\">by</span>:\n    <span class=\"nc\">assert_invalid</span>: <span class=\"nc\">expected</span><span class=\"w\"> </span><span class=\"s\">\"unknown memory 1\"</span><span class=\"p\">,</span><span class=\"w\"> </span><span class=\"n\">got</span><span class=\"w\"> </span><span class=\"s\">\"WebAssembly failed to compile</span>\n\n<span class=\"s\">    Caused by:</span>\n<span class=\"s\">        0: WebAssembly translation error</span>\n<span class=\"s\">        1: Invalid input WebAssembly code at offset 21: Data segment extends past end of the data section\"</span><span class=\"o\">'</span><span class=\"p\">,</span><span class=\"w\"> </span><span class=\"o\">/</span><span class=\"n\">home</span><span class=\"o\">/</span><span class=\"n\">abrown</span><span class=\"o\">/</span><span class=\"n\">Code</span><span class=\"o\">/</span><span class=\"n\">wasmtime</span><span class=\"o\">/</span><span class=\"n\">target</span><span class=\"o\">/</span><span class=\"n\">debug</span><span class=\"o\">/</span><span class=\"n\">build</span><span class=\"o\">/</span><span class=\"n\">wasmtime</span><span class=\"o\">-</span><span class=\"n\">cli</span><span class=\"o\">-</span><span class=\"mi\">02</span><span class=\"n\">b4b8fc65746038</span><span class=\"o\">/</span><span class=\"n\">out</span><span class=\"o\">/</span><span class=\"n\">wast_testsuite_tests</span><span class=\"p\">.</span><span class=\"n\">rs</span>:<span class=\"mi\">470</span>:<span class=\"mi\">14</span><span class=\"w\"></span>\n\n<span class=\"n\">failures</span>:\n    <span class=\"nc\">wast</span>::<span class=\"n\">Cranelift</span>::<span class=\"n\">spec</span>::<span class=\"n\">data</span><span class=\"w\"></span>\n\n<span class=\"n\">test</span><span class=\"w\"> </span><span class=\"n\">result</span>: <span class=\"nc\">FAILED</span><span class=\"p\">.</span><span class=\"w\"> </span><span class=\"mi\">264</span><span class=\"w\"> </span><span class=\"n\">passed</span><span class=\"p\">;</span><span class=\"w\"> </span><span class=\"mi\">1</span><span class=\"w\"> </span><span class=\"n\">failed</span><span class=\"p\">;</span><span class=\"w\"> </span><span class=\"mi\">48</span><span class=\"w\"> </span><span class=\"n\">ignored</span><span class=\"p\">;</span><span class=\"w\"> </span><span class=\"mi\">0</span><span class=\"w\"> </span><span class=\"n\">measured</span><span class=\"p\">;</span><span class=\"w\"> </span><span class=\"mi\">0</span><span class=\"w\"> </span><span class=\"n\">filtered</span><span class=\"w\"> </span><span class=\"n\">out</span><span class=\"w\"></span>\n</code></pre></div>\n<p>Is this an error stringifying problem or a problem in Wasmtime itself?</p>\n</blockquote>",
        "id": 219114105,
        "sender_full_name": "Wasmtime GitHub notifications bot",
        "timestamp": 1607363776
    },
    {
        "content": "<p>abrown merged <a href=\"https://github.com/bytecodealliance/wasmtime/pull/2481\">PR #2481</a>.</p>",
        "id": 219122451,
        "sender_full_name": "Wasmtime GitHub notifications bot",
        "timestamp": 1607367596
    }
]